[2015-09-20 12:16:07] START
[2015-09-20 12:16:55] CREATE medico.py: 0
[2015-09-20 12:20:55] EDIT sistemasmedico/models/medico.py: 3
[2015-09-20 12:23:05] EDIT sistemasmedico/models/medico.py: 1
[2015-09-20 12:25:05] EDIT sistemasmedico/models/medico.py: 5
[2015-09-20 12:25:06] EDIT sistemasmedico/models/medico.py: 0
[2015-09-20 12:25:28] CREATE pacientes.py: 0
[2015-09-20 12:27:21] EDIT sistemasmedico/controllers/pacientes.py: 2
[2015-09-20 12:27:44] EDIT sistemasmedico/models/medico.py: 0
[2015-09-20 12:28:28] CREATE pacientes/cadstrar.html: 0
[2015-09-20 12:29:10] EDIT sistemasmedico/controllers/pacientes.py: 2
[2015-09-20 12:29:58] EDIT sistemasmedico/views/pacientes/cadstrar.html: 1
[2015-09-20 12:30:15] EDIT sistemasmedico/controllers/pacientes.py: 0
[2015-09-20 12:31:14] DELETE sistemasmedico/views/pacientes/cadstrar.html: -4
[2015-09-20 12:31:24] CREATE pacientes/cadastrar.html: 0
[2015-09-20 12:31:30] EDIT sistemasmedico/views/pacientes/cadastrar.html: 1
[2015-09-20 12:32:28] EDIT sistemasmedico/views/pacientes/cadastrar.html: 2
[2015-09-20 12:33:26] EDIT sistemasmedico/views/pacientes/cadastrar.html: 0
[2015-09-20 12:33:36] EDIT sistemasmedico/views/pacientes/cadastrar.html: 9
[2015-09-20 12:34:16] EDIT sistemasmedico/views/pacientes/cadastrar.html: -11
[2015-09-20 12:37:27] EDIT sistemasmedico/models/medico.py: 0
[2015-09-20 12:38:37] EDIT sistemasmedico/controllers/pacientes.py: 2
[2015-09-20 12:39:30] EDIT sistemasmedico/controllers/pacientes.py: 0
[2015-09-20 12:40:03] EDIT sistemasmedico/models/medico.py: 0
[2015-09-20 12:41:07] EDIT sistemasmedico/controllers/pacientes.py: 0
[2015-09-20 12:41:45] EDIT sistemasmedico/controllers/pacientes.py: 3
[2015-09-20 12:42:56] EDIT sistemasmedico/controllers/pacientes.py: 1
[2015-09-20 12:44:57] EDIT sistemasmedico/controllers/pacientes.py: 3
[2015-09-20 12:45:37] EDIT sistemasmedico/controllers/pacientes.py: 0
[2015-09-20 12:46:16] EDIT sistemasmedico/controllers/pacientes.py: 1
[2015-09-20 12:46:19] EDIT sistemasmedico/controllers/pacientes.py: 0
[2015-09-20 12:46:31] EDIT sistemasmedico/controllers/pacientes.py: 0
[2015-09-20 12:48:28] EDIT sistemasmedico/controllers/pacientes.py: 0
[2015-09-20 12:51:49] EDIT sistemasmedico/controllers/pacientes.py: -2
[2015-09-20 12:52:32] CREATE pacientes/paciente.html: 0
[2015-09-20 12:54:27] EDIT sistemasmedico/views/pacientes/paciente.html: -1
[2015-09-20 12:55:41] EDIT sistemasmedico/controllers/pacientes.py: 0
[2015-09-20 12:56:05] EDIT sistemasmedico/controllers/pacientes.py: 0
[2015-09-20 12:56:25] EDIT sistemasmedico/controllers/pacientes.py: 0
[2015-09-20 12:56:31] EDIT sistemasmedico/views/pacientes/paciente.html: 0
[2015-09-20 12:56:38] EDIT sistemasmedico/views/pacientes/paciente.html: 0
[2015-09-20 12:56:44] EDIT sistemasmedico/views/pacientes/paciente.html: 0
[2015-09-20 12:56:57] EDIT sistemasmedico/controllers/pacientes.py: 0
[2015-09-20 12:57:08] EDIT sistemasmedico/models/medico.py: 0
[2015-09-20 12:57:24] EDIT sistemasmedico/controllers/pacientes.py: 0
[2015-09-20 12:58:45] EDIT sistemasmedico/views/pacientes/paciente.html: 0
[2015-09-20 12:59:01] EDIT sistemasmedico/views/pacientes/paciente.html: 0
[2015-09-20 12:59:25] EDIT sistemasmedico/views/pacientes/paciente.html: 0
[2015-09-20 12:59:44] EDIT sistemasmedico/views/pacientes/paciente.html: 0
[2015-09-20 13:00:57] EDIT sistemasmedico/views/pacientes/paciente.html: 4
[2015-09-20 13:01:40] EDIT sistemasmedico/views/pacientes/paciente.html: 0
[2015-09-20 13:01:59] EDIT sistemasmedico/views/pacientes/paciente.html: -3
[2015-09-20 13:02:30] EDIT sistemasmedico/controllers/pacientes.py: 0
[2015-09-20 13:02:51] EDIT sistemasmedico/views/pacientes/paciente.html: 1
[2015-09-20 13:02:52] EDIT sistemasmedico/views/pacientes/paciente.html: 0
[2015-09-20 13:02:56] EDIT sistemasmedico/controllers/pacientes.py: 0
[2015-09-20 13:03:30] EDIT sistemasmedico/views/pacientes/paciente.html: 0
[2015-09-20 13:03:49] EDIT sistemasmedico/views/pacientes/paciente.html: 0
[2015-09-20 13:04:24] EDIT sistemasmedico/controllers/pacientes.py: 1
[2015-09-20 13:04:30] EDIT sistemasmedico/views/pacientes/paciente.html: 0
[2015-09-20 13:04:44] EDIT sistemasmedico/views/pacientes/paciente.html: -1
[2015-09-20 13:05:10] EDIT sistemasmedico/controllers/pacientes.py: 0
[2015-09-20 14:40:50] EDIT sistemasmedico/views/pacientes/paciente.html: 1
[2015-09-20 14:44:16] EDIT sistemasmedico/views/pacientes/paciente.html: 11
[2015-09-20 14:44:35] EDIT sistemasmedico/views/pacientes/paciente.html: 0
[2015-09-20 14:45:05] EDIT sistemasmedico/views/pacientes/paciente.html: 0
[2015-09-20 14:46:33] EDIT sistemasmedico/views/pacientes/paciente.html: 1
[2015-09-20 14:47:23] EDIT sistemasmedico/views/pacientes/paciente.html: 1
[2015-09-20 14:47:34] EDIT sistemasmedico/views/pacientes/paciente.html: 0
[2015-09-20 14:48:02] EDIT sistemasmedico/views/pacientes/paciente.html: -7
[2015-09-20 14:48:09] EDIT sistemasmedico/views/pacientes/paciente.html: 0
[2015-09-20 14:48:19] EDIT sistemasmedico/views/pacientes/paciente.html: 0
[2015-09-20 15:10:40] EDIT sistemasmedico/controllers/pacientes.py: 6
[2015-09-20 15:11:05] EDIT sistemasmedico/controllers/pacientes.py: 0
[2015-09-20 16:08:52] EDIT sistemasmedico/models/medico.py: 5
[2015-09-20 16:09:37] CREATE pacientes/agendar.html: 0
[2015-09-20 16:10:21] EDIT sistemasmedico/views/pacientes/agendar.html: 0
[2015-09-20 16:10:52] EDIT sistemasmedico/models/medico.py: 0
[2015-09-20 16:12:48] EDIT sistemasmedico/controllers/pacientes.py: 6
[2015-09-20 16:12:58] EDIT sistemasmedico/controllers/pacientes.py: -1
[2015-09-20 16:13:26] CREATE pacientes/agenda.html: 0
[2015-09-20 16:15:42] EDIT sistemasmedico/controllers/pacientes.py: 0
[2015-09-20 16:15:50] DELETE sistemasmedico/views/pacientes/agenda.html: -3
[2015-09-20 16:16:17] CREATE pacientes/consulta_agendada.html: 0
[2015-09-20 16:19:15] EDIT sistemasmedico/models/medico.py: -5
[2015-09-20 16:19:24] EDIT sistemasmedico/controllers/pacientes.py: -11
[2015-09-20 16:19:30] DELETE sistemasmedico/views/pacientes/consulta_agendada.html: -3
[2015-09-20 16:22:46] DELETE sistemasmedico/views/pacientes/agendar.html: -3
[2015-09-20 16:23:34] EDIT sistemasmedico/models/menu.py: -108
[2015-09-20 16:25:22] EDIT sistemasmedico/models/menu.py: 1
[2015-09-20 16:32:57] EDIT sistemasmedico/controllers/pacientes.py: 3
[2015-09-20 16:33:33] CREATE pacientes/pacientes.html: 0
[2015-09-20 16:34:04] EDIT sistemasmedico/views/pacientes/pacientes.html: -1
[2015-09-20 16:36:21] EDIT sistemasmedico/views/pacientes/pacientes.html: 3
[2015-09-20 16:36:30] EDIT sistemasmedico/views/pacientes/pacientes.html: 1
[2015-09-20 16:37:55] EDIT sistemasmedico/views/pacientes/pacientes.html: -1
[2015-09-20 16:38:41] EDIT sistemasmedico/views/pacientes/pacientes.html: 0
[2015-09-20 16:39:13] EDIT sistemasmedico/views/pacientes/pacientes.html: 0
[2015-09-20 16:40:08] EDIT sistemasmedico/views/pacientes/pacientes.html: 0
[2015-09-20 16:41:22] EDIT sistemasmedico/views/pacientes/pacientes.html: 0
[2015-09-20 16:42:28] EDIT sistemasmedico/views/pacientes/pacientes.html: 0
[2015-09-20 16:42:47] EDIT sistemasmedico/views/pacientes/pacientes.html: 0
[2015-09-20 16:42:58] EDIT sistemasmedico/views/pacientes/pacientes.html: 0
[2015-09-20 16:46:16] EDIT sistemasmedico/controllers/pacientes.py: 1
[2015-09-20 16:46:29] EDIT sistemasmedico/controllers/pacientes.py: 0
[2015-09-20 16:49:59] EDIT sistemasmedico/controllers/pacientes.py: 0
[2015-09-20 16:50:22] EDIT sistemasmedico/controllers/pacientes.py: 0
[2015-09-20 16:51:05] EDIT sistemasmedico/controllers/pacientes.py: -1
[2015-09-20 16:51:59] EDIT sistemasmedico/views/pacientes/pacientes.html: 1
[2015-09-20 16:53:17] EDIT sistemasmedico/models/menu.py: 2
[2015-09-20 16:53:41] EDIT sistemasmedico/controllers/pacientes.py: 0
[2015-09-20 16:54:24] EDIT sistemasmedico/models/menu.py: 1
[2015-09-20 17:07:38] EDIT sistemasmedico/models/menu.py: 0
[2015-09-20 17:14:53] EDIT sistemasmedico/controllers/pacientes.py: 6
[2015-09-20 17:20:12] CREATE pacientes/agendar.html: 0
[2015-09-20 17:20:43] EDIT sistemasmedico/views/pacientes/agendar.html: -1
[2015-09-20 17:22:27] EDIT sistemasmedico/controllers/pacientes.py: -2
[2015-09-20 17:23:38] EDIT sistemasmedico/models/medico.py: 4
[2015-09-20 17:23:59] EDIT sistemasmedico/views/pacientes/agendar.html: 1
[2015-09-20 17:25:02] EDIT sistemasmedico/controllers/pacientes.py: 5
[2015-09-20 17:25:14] EDIT sistemasmedico/controllers/pacientes.py: 0
[2015-09-20 17:26:25] EDIT sistemasmedico/controllers/pacientes.py: 0
[2015-09-20 17:28:35] EDIT sistemasmedico/controllers/pacientes.py: 1
[2015-09-20 17:33:27] EDIT sistemasmedico/views/pacientes/paciente.html: 1
[2015-09-20 17:33:56] EDIT sistemasmedico/views/pacientes/paciente.html: 0
[2015-09-20 17:35:59] EDIT sistemasmedico/controllers/pacientes.py: 0
[2015-09-20 17:36:23] EDIT sistemasmedico/controllers/pacientes.py: 3
[2015-09-20 17:37:33] EDIT sistemasmedico/controllers/pacientes.py: 0
[2015-09-20 17:37:50] EDIT sistemasmedico/controllers/pacientes.py: 0
[2015-09-20 17:38:18] EDIT sistemasmedico/models/medico.py: 0
[2015-09-20 17:38:49] EDIT sistemasmedico/controllers/pacientes.py: 0
[2015-09-22 16:28:59] EDIT sistemasmedico/models/medico.py: 0
[2015-09-22 16:29:04] EDIT sistemasmedico/models/medico.py: 0
[2015-09-22 16:29:26] EDIT sistemasmedico/controllers/pacientes.py: 0
[2015-09-22 16:30:41] EDIT sistemasmedico/models/medico.py: 0
[2015-09-22 16:32:36] EDIT sistemasmedico/models/medico.py: 0
[2015-09-22 17:11:19] EDIT sistemasmedico/models/medico.py: 0
[2015-09-22 17:11:48] EDIT sistemasmedico/models/medico.py: 0
[2015-09-22 17:14:07] EDIT sistemasmedico/controllers/pacientes.py: 0
[2015-09-22 17:16:26] EDIT sistemasmedico/controllers/pacientes.py: 0
[2015-09-22 17:17:04] EDIT sistemasmedico/controllers/pacientes.py: 2
[2015-09-22 17:31:51] EDIT sistemasmedico/controllers/pacientes.py: 0
[2015-09-22 17:32:05] EDIT sistemasmedico/controllers/pacientes.py: 0
[2015-09-22 17:32:35] EDIT sistemasmedico/controllers/pacientes.py: 1
[2015-09-22 17:32:58] EDIT sistemasmedico/controllers/pacientes.py: 0
[2015-09-22 17:33:06] EDIT sistemasmedico/controllers/pacientes.py: 0
[2015-09-22 17:42:28] EDIT sistemasmedico/controllers/pacientes.py: 1
[2015-09-22 17:45:27] EDIT sistemasmedico/controllers/pacientes.py: 2
[2015-09-22 17:46:14] EDIT sistemasmedico/controllers/pacientes.py: 0
[2015-09-22 17:46:47] EDIT sistemasmedico/controllers/pacientes.py: 0
[2015-09-22 17:47:08] EDIT sistemasmedico/controllers/pacientes.py: 0
[2015-09-22 17:48:36] EDIT sistemasmedico/controllers/pacientes.py: -1
[2015-09-22 17:49:25] EDIT sistemasmedico/controllers/pacientes.py: 0
[2015-09-22 17:49:33] EDIT sistemasmedico/controllers/pacientes.py: 0
[2015-09-22 17:50:22] EDIT sistemasmedico/controllers/pacientes.py: 0
[2015-09-22 17:53:34] EDIT sistemasmedico/controllers/pacientes.py: 0
[2015-09-23 13:44:29] EDIT sistemasmedico/models/medico.py: -5
[2015-09-23 13:44:47] EDIT sistemasmedico/controllers/pacientes.py: -3
[2015-09-23 13:45:55] EDIT sistemasmedico/controllers/pacientes.py: 1
[2015-09-23 13:46:48] EDIT sistemasmedico/controllers/pacientes.py: 2
[2015-09-23 13:47:14] EDIT sistemasmedico/controllers/pacientes.py: 0
[2015-09-23 13:47:56] EDIT sistemasmedico/controllers/pacientes.py: 0
[2015-09-23 14:09:04] EDIT sistemasmedico/controllers/pacientes.py: -3
[2015-09-23 14:09:29] CREATE pacientes/agendamentos.html: 0
[2015-09-23 14:09:48] EDIT sistemasmedico/views/pacientes/agendamentos.html: -2
[2015-09-23 14:11:25] EDIT sistemasmedico/views/pacientes/agendamentos.html: 2
[2015-09-23 14:11:32] EDIT sistemasmedico/views/pacientes/agendamentos.html: 0
[2015-09-23 14:11:47] EDIT sistemasmedico/views/pacientes/agendamentos.html: 0
[2015-09-23 14:11:47] EDIT sistemasmedico/views/pacientes/agendamentos.html: 0
[2015-09-23 14:11:47] EDIT sistemasmedico/views/pacientes/agendamentos.html: 0
[2015-09-23 14:11:48] EDIT sistemasmedico/views/pacientes/agendamentos.html: 0
[2015-09-23 14:11:48] EDIT sistemasmedico/views/pacientes/agendamentos.html: 0
[2015-09-23 14:11:48] EDIT sistemasmedico/views/pacientes/agendamentos.html: 0
[2015-09-23 14:12:10] EDIT sistemasmedico/views/pacientes/agendamentos.html: 0
[2015-09-23 14:12:16] EDIT sistemasmedico/controllers/pacientes.py: 0
[2015-09-23 14:12:32] EDIT sistemasmedico/views/pacientes/agendamentos.html: 1
[2015-09-23 14:13:02] EDIT sistemasmedico/views/pacientes/agendamentos.html: -3
[2015-09-23 14:13:12] EDIT sistemasmedico/views/pacientes/agendamentos.html: 0
[2015-09-23 14:13:30] EDIT sistemasmedico/views/pacientes/agendamentos.html: 3
[2015-09-23 14:16:19] EDIT sistemasmedico/views/pacientes/agendamentos.html: 0
[2015-09-23 14:16:43] EDIT sistemasmedico/views/pacientes/agendamentos.html: 0
[2015-09-23 14:18:39] EDIT sistemasmedico/controllers/pacientes.py: 4
[2015-09-23 14:18:47] EDIT sistemasmedico/views/pacientes/agendamentos.html: -3
[2015-09-23 14:19:29] EDIT sistemasmedico/controllers/pacientes.py: 1
[2015-09-23 14:20:11] EDIT sistemasmedico/controllers/pacientes.py: -1
[2015-09-23 14:20:41] EDIT sistemasmedico/controllers/pacientes.py: 0
[2015-09-23 14:21:16] EDIT sistemasmedico/controllers/pacientes.py: -2
[2015-09-23 14:21:25] EDIT sistemasmedico/views/pacientes/agendamentos.html: 0
[2015-09-23 14:46:30] EDIT sistemasmedico/models/medico.py: 0
[2015-09-23 14:48:26] EDIT sistemasmedico/controllers/pacientes.py: -2
[2015-09-23 14:48:34] EDIT sistemasmedico/views/pacientes/agendamentos.html: 0
[2015-09-23 14:50:14] EDIT sistemasmedico/models/medico.py: 0
[2015-09-23 14:55:49] EDIT sistemasmedico/controllers/pacientes.py: 3
[2015-09-23 14:55:59] EDIT sistemasmedico/views/pacientes/agendamentos.html: 0
[2015-09-23 14:56:25] EDIT sistemasmedico/controllers/pacientes.py: 0
[2015-09-23 14:56:57] EDIT sistemasmedico/controllers/pacientes.py: 1
[2015-09-23 14:57:04] EDIT sistemasmedico/controllers/pacientes.py: 0
[2015-09-23 14:58:00] EDIT sistemasmedico/controllers/pacientes.py: 1
[2015-09-23 14:58:25] EDIT sistemasmedico/controllers/pacientes.py: 0
[2015-09-23 14:58:54] EDIT sistemasmedico/controllers/pacientes.py: 0
[2015-09-23 14:59:49] EDIT sistemasmedico/controllers/pacientes.py: 0
[2015-09-23 15:00:03] EDIT sistemasmedico/controllers/pacientes.py: 0
[2015-09-23 15:00:17] EDIT sistemasmedico/controllers/pacientes.py: 0
[2015-09-23 15:00:30] EDIT sistemasmedico/controllers/pacientes.py: 0
[2015-09-23 15:00:53] EDIT sistemasmedico/controllers/pacientes.py: 0
[2015-09-23 15:01:03] EDIT sistemasmedico/controllers/pacientes.py: 0
[2015-09-23 15:01:38] EDIT sistemasmedico/controllers/pacientes.py: 0
[2015-09-23 15:07:44] EDIT sistemasmedico/controllers/pacientes.py: 0
[2015-09-23 15:09:14] EDIT sistemasmedico/views/pacientes/agendamentos.html: 1
[2015-09-23 15:09:58] EDIT sistemasmedico/views/pacientes/agendamentos.html: 2
[2015-09-23 15:10:07] EDIT sistemasmedico/views/pacientes/agendamentos.html: 0
[2015-09-23 15:11:00] EDIT sistemasmedico/views/pacientes/agendamentos.html: 1
[2015-09-23 15:12:06] EDIT sistemasmedico/views/pacientes/agendamentos.html: 2
[2015-09-23 15:12:24] EDIT sistemasmedico/views/pacientes/agendamentos.html: 0
[2015-09-23 15:14:22] EDIT sistemasmedico/controllers/pacientes.py: 1
[2015-09-23 15:20:56] EDIT sistemasmedico/controllers/pacientes.py: 0
[2015-09-23 15:21:10] EDIT sistemasmedico/controllers/pacientes.py: 0
[2015-09-23 15:21:37] EDIT sistemasmedico/controllers/pacientes.py: 0
[2015-09-23 15:21:53] EDIT sistemasmedico/views/pacientes/agendamentos.html: -3
[2015-09-23 15:22:07] EDIT sistemasmedico/views/pacientes/agendamentos.html: 0
[2015-09-23 15:22:41] EDIT sistemasmedico/controllers/pacientes.py: 0
[2015-09-23 15:22:56] EDIT sistemasmedico/views/pacientes/agendamentos.html: 0
[2015-09-23 15:23:44] EDIT sistemasmedico/controllers/pacientes.py: 0
[2015-09-23 15:23:48] EDIT sistemasmedico/controllers/pacientes.py: -1
[2015-09-23 15:25:34] EDIT sistemasmedico/views/pacientes/agendamentos.html: 0
[2015-09-23 15:26:00] EDIT sistemasmedico/views/pacientes/agendamentos.html: 0
[2015-09-23 15:26:26] EDIT sistemasmedico/controllers/pacientes.py: 0
[2015-09-23 15:28:11] EDIT sistemasmedico/controllers/pacientes.py: 0
[2015-09-23 15:29:09] EDIT sistemasmedico/views/pacientes/agendamentos.html: 1
[2015-09-23 15:33:24] EDIT sistemasmedico/models/medico.py: 0
[2015-09-23 15:57:27] EDIT sistemasmedico/controllers/pacientes.py: 16
[2015-09-23 15:58:40] EDIT sistemasmedico/controllers/pacientes.py: 1
[2015-09-24 10:08:54] EDIT sistemasmedico/controllers/pacientes.py: -17
[2015-09-24 10:10:35] EDIT sistemasmedico/controllers/pacientes.py: 0
[2015-09-24 15:19:47] EDIT sistemasmedico/controllers/pacientes.py: 0
[2015-09-24 15:19:56] EDIT sistemasmedico/controllers/pacientes.py: 0
[2015-09-24 15:20:00] EDIT sistemasmedico/controllers/pacientes.py: 0
[2015-09-24 15:22:54] EDIT sistemasmedico/controllers/pacientes.py: 0
[2015-09-24 15:24:52] EDIT sistemasmedico/controllers/pacientes.py: 0
[2015-09-24 15:25:07] EDIT sistemasmedico/controllers/pacientes.py: 0
[2015-09-24 15:25:19] EDIT sistemasmedico/controllers/pacientes.py: 0
[2015-09-24 15:25:26] EDIT sistemasmedico/controllers/pacientes.py: 0
[2015-09-24 15:27:10] EDIT sistemasmedico/controllers/pacientes.py: 0
[2015-09-24 15:27:19] EDIT sistemasmedico/controllers/pacientes.py: 0
[2015-09-24 15:27:25] EDIT sistemasmedico/controllers/pacientes.py: 0
[2015-09-24 15:30:05] EDIT sistemasmedico/controllers/pacientes.py: 0
[2015-09-24 15:33:18] EDIT sistemasmedico/controllers/pacientes.py: 0
[2015-09-24 15:33:36] EDIT sistemasmedico/controllers/pacientes.py: 0
[2015-09-24 15:35:32] EDIT sistemasmedico/controllers/pacientes.py: 0
[2015-09-24 15:35:36] EDIT sistemasmedico/controllers/pacientes.py: 0
[2015-09-24 15:36:13] EDIT sistemasmedico/controllers/pacientes.py: 1
[2015-09-24 15:37:11] EDIT sistemasmedico/controllers/pacientes.py: 0
[2015-09-24 20:19:40] EDIT sistemasmedico/views/pacientes/pacientes.html: 0
[2015-09-30 19:10:03] EDIT sistemasmedico/static/css/bootstrap-theme.min.css: 69
[2015-09-30 19:10:14] EDIT sistemasmedico/static/css/bootstrap-theme.min.css: 354
[2015-09-30 20:38:25] EDIT sistemasmedico/views/layout.html: 0
[2015-09-30 21:16:17] EDIT sistemasmedico/views/pacientes/cadastrar.html: 5
[2015-10-01 00:18:15] EDIT sistemasmedico/views/pacientes/cadastrar.html: 78
[2015-10-01 00:23:05] EDIT sistemasmedico/views/pacientes/cadastrar.html: -73
[2015-10-01 00:26:37] EDIT sistemasmedico/views/pacientes/cadastrar.html: 73
[2015-10-01 00:27:29] EDIT sistemasmedico/views/pacientes/cadastrar.html: -1
[2015-10-01 00:28:21] EDIT sistemasmedico/views/pacientes/cadastrar.html: 3
[2015-10-01 00:31:23] EDIT sistemasmedico/views/pacientes/cadastrar.html: -1
[2015-10-01 00:31:57] EDIT sistemasmedico/views/pacientes/cadastrar.html: 0
[2015-10-01 00:34:57] EDIT sistemasmedico/views/pacientes/cadastrar.html: 0
[2015-10-01 00:35:36] EDIT sistemasmedico/views/pacientes/cadastrar.html: 2
[2015-10-01 00:36:11] EDIT sistemasmedico/views/pacientes/cadastrar.html: 2
[2015-10-01 00:37:24] EDIT sistemasmedico/views/pacientes/cadastrar.html: -4
[2015-10-01 00:38:20] EDIT sistemasmedico/views/pacientes/cadastrar.html: -2
[2015-10-01 00:39:18] EDIT sistemasmedico/views/pacientes/cadastrar.html: 0
[2015-10-01 00:42:18] EDIT sistemasmedico/views/pacientes/cadastrar.html: 2
[2015-10-01 00:44:47] EDIT sistemasmedico/views/pacientes/cadastrar.html: 4
[2015-10-01 01:26:57] EDIT sistemasmedico/views/pacientes/cadastrar.html: 8
[2015-10-01 01:45:32] EDIT sistemasmedico/views/pacientes/cadastrar.html: 0
[2015-10-01 01:50:31] EDIT sistemasmedico/views/pacientes/cadastrar.html: 0
[2015-10-01 01:51:17] EDIT sistemasmedico/views/pacientes/cadastrar.html: 0
[2015-10-01 01:52:18] EDIT sistemasmedico/views/pacientes/cadastrar.html: 0
[2015-10-01 01:56:25] EDIT sistemasmedico/views/pacientes/cadastrar.html: 1
[2015-10-01 01:56:52] EDIT sistemasmedico/views/pacientes/cadastrar.html: -1
[2015-10-01 01:57:45] EDIT sistemasmedico/views/pacientes/cadastrar.html: 0
[2015-10-01 01:58:10] EDIT sistemasmedico/views/pacientes/cadastrar.html: 0
[2015-10-01 02:03:51] EDIT sistemasmedico/views/layout.html: 0
[2015-10-01 02:04:15] EDIT sistemasmedico/views/layout.html: 0
[2015-10-01 02:05:26] EDIT sistemasmedico/views/pacientes/cadastrar.html: 2
[2015-10-01 02:09:21] EDIT sistemasmedico/views/layout.html: -1
[2015-10-01 02:09:52] EDIT sistemasmedico/views/layout.html: -1
[2015-10-01 02:15:42] EDIT sistemasmedico/views/pacientes/cadastrar.html: -1
[2015-10-01 04:01:02] EDIT sistemasmedico/views/pacientes/paciente.html: 1
[2015-10-01 04:06:40] EDIT sistemasmedico/views/pacientes/paciente.html: 2
[2015-10-01 04:10:05] EDIT sistemasmedico/views/pacientes/paciente.html: 0
[2015-10-01 04:12:32] EDIT sistemasmedico/views/pacientes/paciente.html: 0
[2015-10-01 04:18:05] EDIT sistemasmedico/views/pacientes/paciente.html: 4
[2015-10-01 04:23:08] EDIT sistemasmedico/views/pacientes/paciente.html: 0
[2015-10-01 04:26:44] EDIT sistemasmedico/views/pacientes/paciente.html: 1
[2015-10-01 04:28:35] EDIT sistemasmedico/views/pacientes/paciente.html: 0
[2015-10-01 04:32:14] EDIT sistemasmedico/views/pacientes/paciente.html: 0
[2015-10-01 04:36:17] EDIT sistemasmedico/views/pacientes/paciente.html: 0
[2015-10-01 04:37:04] EDIT sistemasmedico/views/pacientes/paciente.html: 0
[2015-10-01 04:37:23] EDIT sistemasmedico/views/pacientes/paciente.html: 0
[2015-10-01 04:40:33] EDIT sistemasmedico/views/pacientes/paciente.html: 1
[2015-10-01 04:41:18] EDIT sistemasmedico/views/pacientes/paciente.html: 0
[2015-10-01 04:44:20] EDIT sistemasmedico/views/pacientes/paciente.html: 0
[2015-10-01 04:45:28] EDIT sistemasmedico/views/pacientes/paciente.html: 0
[2015-10-01 04:50:24] EDIT sistemasmedico/views/pacientes/paciente.html: 0
[2015-10-01 04:50:57] EDIT sistemasmedico/views/pacientes/paciente.html: 0
[2015-10-01 04:57:27] EDIT sistemasmedico/views/pacientes/paciente.html: 5
[2015-10-01 04:57:59] EDIT sistemasmedico/views/pacientes/paciente.html: 2
[2015-10-01 04:59:23] EDIT sistemasmedico/views/pacientes/paciente.html: 0
[2015-10-01 05:03:06] EDIT sistemasmedico/views/pacientes/paciente.html: -1
[2015-10-01 05:14:39] EDIT sistemasmedico/views/pacientes/agendar.html: 43
[2015-10-01 05:16:47] EDIT sistemasmedico/views/pacientes/agendar.html: 0
[2015-10-01 05:18:37] EDIT sistemasmedico/views/pacientes/agendar.html: 0
[2015-10-01 05:20:31] EDIT sistemasmedico/views/pacientes/agendar.html: -1
[2015-10-01 05:23:40] EDIT sistemasmedico/views/pacientes/agendar.html: 0
[2015-10-01 11:48:19] EDIT sistemasmedico/views/pacientes/agendar.html: 0
[2015-10-01 12:01:07] EDIT sistemasmedico/views/layout.html: 7
[2015-10-01 12:06:01] EDIT sistemasmedico/views/layout.html: -1
[2015-10-01 12:06:49] EDIT sistemasmedico/views/layout.html: 0
[2015-10-01 12:06:50] EDIT sistemasmedico/views/layout.html: -6
[2015-10-01 12:13:54] EDIT sistemasmedico/views/pacientes/agendamentos.html: 65
[2015-10-01 12:15:43] EDIT sistemasmedico/views/pacientes/agendamentos.html: 0
[2015-10-01 12:16:01] EDIT sistemasmedico/views/pacientes/agendamentos.html: -4
[2015-10-01 12:16:36] EDIT sistemasmedico/views/pacientes/agendamentos.html: 0
[2015-10-01 12:16:39] EDIT sistemasmedico/views/pacientes/agendamentos.html: 2
[2015-10-01 12:18:52] EDIT sistemasmedico/views/pacientes/agendamentos.html: 45
[2015-10-01 12:20:52] EDIT sistemasmedico/views/pacientes/agendamentos.html: 0
[2015-10-01 12:53:15] EDIT sistemasmedico/views/layout.html: 5
[2015-10-01 12:53:32] EDIT sistemasmedico/views/pacientes/agendamentos.html: -7
[2015-10-01 12:54:30] EDIT sistemasmedico/views/pacientes/agendamentos.html: 3
[2015-10-01 12:54:37] EDIT sistemasmedico/views/layout.html: -3
[2015-10-01 12:55:46] EDIT sistemasmedico/views/layout.html: 0
[2015-10-01 12:56:22] EDIT sistemasmedico/views/layout.html: 0
[2015-10-01 13:18:15] EDIT sistemasmedico/views/pacientes/agendamentos.html: -1
[2015-10-01 13:20:26] EDIT sistemasmedico/views/pacientes/agendamentos.html: 0
[2015-10-01 13:21:59] EDIT sistemasmedico/views/pacientes/agendamentos.html: 0
[2015-10-01 13:29:30] EDIT sistemasmedico/views/pacientes/agendamentos.html: 1
[2015-10-01 13:43:59] EDIT sistemasmedico/static/css/bootstrap-theme.min.css: 835
[2015-10-01 13:44:53] EDIT sistemasmedico/views/layout.html: -2
[2015-10-01 13:45:27] EDIT sistemasmedico/views/pacientes/agendamentos.html: 0
[2015-10-01 13:46:55] EDIT sistemasmedico/static/css/bootstrap-theme.min.css: 156
[2015-10-01 14:10:05] EDIT sistemasmedico/static/css/bootstrap-theme.min.css: 0
[2015-10-01 14:10:47] EDIT sistemasmedico/static/css/bootstrap-theme.min.css: 0
[2015-10-01 14:13:55] EDIT sistemasmedico/static/css/bootstrap-theme.min.css: -156
[2015-10-01 14:14:36] EDIT sistemasmedico/static/css/bootstrap-theme.min.css: 1263
[2015-10-01 14:18:43] EDIT sistemasmedico/views/layout.html: 3
[2015-10-01 14:19:04] EDIT sistemasmedico/views/layout.html: -1
[2015-10-01 14:20:06] EDIT sistemasmedico/views/layout.html: -2
[2015-10-01 14:24:13] EDIT sistemasmedico/views/pacientes/agendamentos.html: -3
[2015-10-01 14:25:10] EDIT sistemasmedico/views/pacientes/agendamentos.html: 0
[2015-10-01 14:26:13] EDIT sistemasmedico/views/pacientes/agendamentos.html: 0
[2015-10-01 14:26:55] EDIT sistemasmedico/views/pacientes/agendamentos.html: 0
[2015-10-01 14:27:28] EDIT sistemasmedico/views/layout.html: 3
[2015-10-01 14:29:48] EDIT sistemasmedico/views/pacientes/agendamentos.html: -47
[2015-10-01 14:30:11] EDIT sistemasmedico/views/pacientes/agendamentos.html: -1
[2015-10-01 14:39:58] EDIT sistemasmedico/views/pacientes/agendamentos.html: 0
[2015-10-01 14:46:39] EDIT sistemasmedico/views/pacientes/agendamentos.html: 0
[2015-10-01 14:47:11] EDIT sistemasmedico/views/pacientes/agendamentos.html: 0
[2015-10-01 14:51:03] EDIT sistemasmedico/views/layout.html: 1
[2015-10-01 14:52:30] EDIT sistemasmedico/views/pacientes/agendamentos.html: 1
[2015-10-01 14:55:43] EDIT sistemasmedico/views/pacientes/agendamentos.html: 0
[2015-10-01 14:57:51] EDIT sistemasmedico/views/pacientes/agendamentos.html: 1
[2015-10-01 14:58:36] EDIT sistemasmedico/views/pacientes/agendamentos.html: 0
[2015-10-01 15:02:41] EDIT sistemasmedico/views/pacientes/agendamentos.html: 0
[2015-10-01 15:03:20] EDIT sistemasmedico/views/pacientes/agendamentos.html: 0
[2015-10-02 13:48:02] EDIT sistemasmedico/views/pacientes/paciente.html: 0
[2015-10-02 14:01:28] CREATE bootstrap-datetimepicker.min.css: 0
[2015-10-02 14:15:29] EDIT sistemasmedico/static/bootstrap-datetimepicker.min.css: 221
[2015-10-02 14:15:57] CREATE bootstrap-datetimepicker.min.js: 0
[2015-10-02 14:16:17] EDIT sistemasmedico/static/bootstrap-datetimepicker.min.js: 26
[2015-10-02 14:16:38] CREATE bootstrap-datetimepicker.pt-BR.js: 0
[2015-10-02 14:16:45] EDIT sistemasmedico/static/bootstrap-datetimepicker.pt-BR.js: 14
[2015-10-02 14:20:47] EDIT sistemasmedico/views/layout.html: 3
[2015-10-02 14:23:43] EDIT sistemasmedico/views/pacientes/agendar.html: 1
[2015-10-02 14:24:34] EDIT sistemasmedico/views/pacientes/agendar.html: 0
[2015-10-02 14:24:36] EDIT sistemasmedico/views/pacientes/agendar.html: 6
[2015-10-02 14:26:06] EDIT sistemasmedico/views/layout.html: 0
[2015-10-02 14:27:45] EDIT sistemasmedico/views/pacientes/agendar.html: 10
[2015-10-02 14:29:05] EDIT sistemasmedico/views/layout.html: 1
[2015-10-02 14:31:12] CREATE jquery.min.js: 0
[2015-10-02 14:31:37] EDIT sistemasmedico/static/jquery.min.js: 2
[2015-10-02 14:32:24] EDIT sistemasmedico/views/layout.html: 0
[2015-10-02 14:32:51] EDIT sistemasmedico/views/layout.html: -3
[2015-10-02 14:33:08] EDIT sistemasmedico/views/layout.html: -1
[2015-10-02 14:33:38] EDIT sistemasmedico/views/layout.html: 0
[2015-10-02 14:34:14] EDIT sistemasmedico/views/pacientes/agendar.html: 0
[2015-10-02 14:34:16] EDIT sistemasmedico/views/pacientes/agendar.html: -17
[2015-10-02 14:34:57] DELETE sistemasmedico/static/jquery.min.js: -2
[2015-10-02 14:35:05] DELETE sistemasmedico/static/jquery.min.js.bak: 0
[2015-10-02 14:35:23] DELETE sistemasmedico/static/bootstrap-datetimepicker.min.js.bak: 0
[2015-10-02 14:35:38] DELETE sistemasmedico/static/bootstrap-datetimepicker.min.css: -221
[2015-10-02 14:36:14] DELETE sistemasmedico/static/bootstrap-datetimepicker.min.css.bak: 0
[2015-10-02 14:36:18] DELETE sistemasmedico/static/bootstrap-datetimepicker.min.js: -26
[2015-10-02 14:36:22] DELETE sistemasmedico/static/bootstrap-datetimepicker.pt-BR.js: -14
[2015-10-02 14:36:26] DELETE sistemasmedico/static/bootstrap-datetimepicker.pt-BR.js.bak: 0
[2015-10-02 14:38:19] EDIT sistemasmedico/views/pacientes/agendar.html: 0
[2015-10-02 14:44:36] EDIT sistemasmedico/views/pacientes/agendar.html: 0
[2015-10-02 14:46:05] EDIT sistemasmedico/views/pacientes/agendar.html: 1
[2015-10-02 14:47:49] EDIT sistemasmedico/views/pacientes/agendar.html: -1
[2015-10-02 14:52:43] EDIT sistemasmedico/views/pacientes/paciente.html: 0
[2015-10-02 14:58:24] EDIT sistemasmedico/views/pacientes/paciente.html: 0
[2015-10-02 14:58:25] EDIT sistemasmedico/views/pacientes/paciente.html: 0
[2015-10-02 15:05:35] EDIT sistemasmedico/views/pacientes/agendar.html: 1
[2015-10-02 15:06:33] EDIT sistemasmedico/views/pacientes/agendar.html: 0
[2015-10-02 15:13:42] EDIT sistemasmedico/views/pacientes/agendar.html: 0
[2015-10-02 15:14:34] EDIT sistemasmedico/views/pacientes/agendar.html: 0
[2015-10-02 15:54:10] EDIT sistemasmedico/views/pacientes/cadastrar.html: 0
[2015-10-02 15:54:12] EDIT sistemasmedico/views/pacientes/cadastrar.html: 0
[2015-10-02 15:54:42] EDIT sistemasmedico/views/pacientes/cadastrar.html: 0
[2015-10-02 16:01:08] EDIT sistemasmedico/views/pacientes/cadastrar.html: 0
[2015-10-02 16:05:37] EDIT sistemasmedico/views/pacientes/cadastrar.html: 0
[2015-10-02 16:06:02] EDIT sistemasmedico/views/pacientes/cadastrar.html: 0
[2015-10-02 16:08:09] EDIT sistemasmedico/views/pacientes/editar_cadastro.html: 99
[2015-10-02 16:08:28] EDIT sistemasmedico/views/pacientes/editar_cadastro.html: -99
[2015-10-02 18:26:12] EDIT sistemasmedico/views/pacientes/index.html: 23
[2015-10-02 18:30:34] EDIT sistemasmedico/views/pacientes/index.html: 2
[2015-10-02 18:31:09] EDIT sistemasmedico/views/pacientes/index.html: 0
[2015-10-02 18:31:32] EDIT sistemasmedico/views/pacientes/index.html: 0
[2015-10-02 18:31:51] EDIT sistemasmedico/views/pacientes/index.html: 0
[2015-10-02 18:32:19] EDIT sistemasmedico/views/pacientes/index.html: 4
[2015-10-02 18:33:56] EDIT sistemasmedico/views/pacientes/index.html: 0
[2015-10-02 18:47:04] EDIT sistemasmedico/views/pacientes/index.html: 1
[2015-10-02 18:50:07] EDIT sistemasmedico/views/pacientes/index.html: 0
[2015-10-02 18:51:36] EDIT sistemasmedico/views/pacientes/index.html: 0
[2015-10-02 18:54:54] EDIT sistemasmedico/views/pacientes/index.html: 2
[2015-10-02 18:59:21] EDIT sistemasmedico/views/pacientes/index.html: 3
[2015-10-02 18:59:54] EDIT sistemasmedico/views/pacientes/index.html: -4
[2015-10-02 19:04:56] EDIT sistemasmedico/views/pacientes/index.html: 5
[2015-10-02 19:05:16] EDIT sistemasmedico/views/pacientes/index.html: 1
[2015-10-02 19:17:47] EDIT sistemasmedico/static/css/bootstrap.min.css: 425
[2015-10-02 19:18:12] EDIT sistemasmedico/static/css/bootstrap.min.css: -425
[2015-10-02 19:20:04] EDIT sistemasmedico/static/css/bootstrap.min.css: 6875
[2015-10-02 19:20:54] EDIT sistemasmedico/static/css/bootstrap.min.css: 0
[2015-10-02 19:21:01] EDIT sistemasmedico/views/pacientes/index.html: -3
[2015-10-02 19:21:21] EDIT sistemasmedico/views/pacientes/index.html: -2
[2015-10-02 19:23:41] EDIT sistemasmedico/views/pacientes/index.html: 4
[2015-10-02 19:32:58] EDIT sistemasmedico/views/pacientes/index.html: 2
[2015-10-03 14:44:20] EDIT sistemasmedico/views/pacientes/agendamentos.html: 0
[2015-10-03 14:45:24] EDIT sistemasmedico/views/pacientes/agendamentos.html: -8
[2015-10-03 14:47:02] EDIT sistemasmedico/views/pacientes/agendamentos.html: 4
[2015-10-03 14:49:22] EDIT sistemasmedico/controllers/pacientes.py: 2
[2015-10-03 14:49:47] EDIT sistemasmedico/controllers/pacientes.py: -3
[2015-10-03 14:51:52] EDIT sistemasmedico/controllers/pacientes.py: 1
[2015-10-05 13:57:30] EDIT sistemasmedico/views/pacientes/agendamentos.html: 0
[2015-10-05 14:02:56] EDIT sistemasmedico/views/pacientes/agendamentos.html: -1
[2015-10-05 14:37:54] EDIT sistemasmedico/views/pacientes/agendamentos.html: 0
[2015-10-06 14:45:26] EDIT sistemasmedico/views/pacientes/cadastrar.html: 94
[2015-10-06 15:58:16] EDIT sistemasmedico/views/pacientes/cadastrar.html: 0
[2015-10-06 17:12:42] EDIT sistemasmedico/views/pacientes/cadastrar.html: 0
[2015-10-06 17:27:03] EDIT sistemasmedico/views/pacientes/cadastrar.html: -193
[2015-10-06 17:50:17] EDIT sistemasmedico/models/medico.py: 0
[2015-10-06 17:50:19] EDIT sistemasmedico/models/medico.py: 0
[2015-10-06 17:51:02] EDIT sistemasmedico/views/pacientes/cadastrar.html: 202
[2015-10-06 17:52:17] EDIT sistemasmedico/views/pacientes/cadastrar.html: -202
[2015-10-06 18:00:25] EDIT sistemasmedico/views/pacientes/cadastrar.html: 0
[2015-10-06 18:23:43] EDIT sistemasmedico/views/pacientes/cadastrar.html: 202
[2015-10-07 16:37:37] EDIT sistemasmedico/views/pacientes/paciente.html: 4
[2015-10-07 16:40:36] EDIT sistemasmedico/views/pacientes/paciente.html: 7
[2015-10-07 17:01:35] EDIT sistemasmedico/views/pacientes/paciente.html: 35
[2015-10-07 17:14:33] EDIT sistemasmedico/views/pacientes/paciente.html: 0
[2015-10-07 17:22:36] EDIT sistemasmedico/views/base_form.html: 61
[2015-10-07 17:34:12] EDIT sistemasmedico/views/pacientes/form1.html: -1
[2015-10-07 17:35:43] EDIT sistemasmedico/views/base_form.html: 5
[2015-10-07 19:02:18] EDIT sistemasmedico/static/css/bootstrap-theme.min.css: 16
[2015-10-07 19:03:30] EDIT sistemasmedico/views/base_form.html: 33
[2015-10-07 19:04:56] EDIT sistemasmedico/static/css/bootstrap-theme.min.css: 0
[2015-10-07 19:05:37] EDIT sistemasmedico/views/base_form.html: 2
[2015-10-07 19:07:46] EDIT sistemasmedico/views/base_form.html: 0
[2015-10-07 19:12:07] EDIT sistemasmedico/views/base_form.html: 173
[2015-10-07 19:13:31] EDIT sistemasmedico/views/base_form.html: -1
[2015-10-07 19:14:27] EDIT sistemasmedico/views/base_form.html: -30
[2015-10-07 19:16:15] EDIT sistemasmedico/views/base_form.html: 0
[2015-10-07 19:20:41] EDIT sistemasmedico/views/base_form.html: 1
[2015-10-07 19:23:46] EDIT sistemasmedico/views/base_form.html: 2
[2015-10-07 19:24:08] EDIT sistemasmedico/views/base_form.html: -1
[2015-10-07 19:25:23] EDIT sistemasmedico/views/base_form.html: 0
[2015-10-07 19:26:10] EDIT sistemasmedico/views/base_form.html: 0
[2015-10-07 19:30:00] EDIT sistemasmedico/views/base_form.html: 0
[2015-10-07 19:31:19] EDIT sistemasmedico/views/base_form.html: 0
[2015-10-07 19:35:48] EDIT sistemasmedico/views/base_form.html: 4
[2015-10-07 19:36:25] EDIT sistemasmedico/views/base_form.html: 1
[2015-10-07 19:40:02] EDIT sistemasmedico/views/base_form.html: -1
[2015-10-08 16:46:43] EDIT sistemasmedico/views/pacientes/agendar.html: -1
[2015-10-08 16:47:13] EDIT sistemasmedico/views/pacientes/agendar.html: 0
[2015-10-08 16:55:23] EDIT sistemasmedico/views/pacientes/agendamento.html: 4
[2015-10-08 16:55:50] EDIT sistemasmedico/views/pacientes/agendamento.html: 0
[2015-10-08 16:58:48] EDIT sistemasmedico/views/pacientes/agendamento.html: 2
[2015-10-08 17:00:36] EDIT sistemasmedico/views/pacientes/agendamento.html: 7
[2015-10-08 17:01:31] EDIT sistemasmedico/views/pacientes/agendamento.html: 4
[2015-10-08 22:02:16] EDIT sistemasmedico/views/base_form.html: -144
[2015-10-08 22:25:27] EDIT sistemasmedico/views/base_form.html: 57
[2015-10-08 22:31:45] EDIT sistemasmedico/views/base_form.html: -50
[2015-10-08 22:43:53] EDIT sistemasmedico/views/base_form.html: 14
[2015-10-08 22:44:57] EDIT sistemasmedico/views/base_form.html: 0
[2015-10-08 23:04:05] EDIT sistemasmedico/views/pacientes/ficha_clinica_mulher.html: 22
[2015-10-08 23:05:32] EDIT sistemasmedico/views/pacientes/ficha_clinica_mulher.html: 0
[2015-10-08 23:05:54] EDIT sistemasmedico/views/pacientes/ficha_clinica_mulher.html: 1
[2015-10-08 23:06:18] EDIT sistemasmedico/views/pacientes/ficha_clinica_mulher.html: -1
[2015-10-08 23:06:37] EDIT sistemasmedico/views/pacientes/ficha_clinica_mulher.html: 0
[2015-10-08 23:07:39] EDIT sistemasmedico/views/pacientes/ficha_clinica_mulher.html: 9
[2015-10-08 23:08:20] EDIT sistemasmedico/views/base_form.html: -14
[2015-10-08 23:08:37] EDIT sistemasmedico/views/base_form.html: 0
[2015-10-08 23:09:36] EDIT sistemasmedico/views/pacientes/ficha_clinica_mulher.html: -1
[2015-10-08 23:18:21] EDIT sistemasmedico/views/pacientes/ficha_clinica_mulher.html: 40
[2015-10-08 23:19:57] EDIT sistemasmedico/views/pacientes/ficha_clinica_mulher.html: 3
[2015-10-08 23:20:59] EDIT sistemasmedico/views/pacientes/ficha_clinica_mulher.html: 0
[2015-10-08 23:31:36] EDIT sistemasmedico/views/pacientes/ficha_clinica_mulher.html: 50
[2015-10-08 23:33:42] EDIT sistemasmedico/views/pacientes/ficha_clinica_mulher.html: 4
[2015-10-08 23:34:24] EDIT sistemasmedico/views/pacientes/ficha_clinica_mulher.html: 0
[2015-10-08 23:36:35] EDIT sistemasmedico/views/pacientes/ficha_clinica_mulher.html: 2
[2015-10-08 23:46:29] EDIT sistemasmedico/static/js/calendar.js: 0
[2015-10-08 23:46:58] EDIT sistemasmedico/static/js/calendar.js: 0
[2015-10-08 23:47:05] EDIT sistemasmedico/static/js/calendar.js: 0
[2015-10-08 23:47:19] EDIT sistemasmedico/static/js/calendar.js: 0
[2015-10-09 01:01:36] EDIT sistemasmedico/views/pacientes/ficha_clinica_mulher.html: 0
[2015-10-09 01:02:34] EDIT sistemasmedico/views/pacientes/ficha_clinica_mulher.html: 0
[2015-10-09 01:03:42] EDIT sistemasmedico/views/pacientes/ficha_clinica_mulher.html: 0
[2015-10-09 01:04:19] EDIT sistemasmedico/views/pacientes/ficha_clinica_mulher.html: 2
[2015-10-09 01:09:48] EDIT sistemasmedico/views/pacientes/ficha_clinica_mulher.html: 136
[2015-10-09 01:16:28] EDIT sistemasmedico/views/pacientes/ficha_clinica_mulher.html: -16
[2015-10-09 01:18:27] EDIT sistemasmedico/views/pacientes/ficha_clinica_mulher.html: 0
[2015-10-09 01:19:08] EDIT sistemasmedico/views/pacientes/ficha_clinica_mulher.html: 0
[2015-10-09 01:20:01] EDIT sistemasmedico/views/pacientes/ficha_clinica_mulher.html: 0
[2015-10-09 01:23:34] EDIT sistemasmedico/views/pacientes/ficha_clinica_mulher.html: 1
[2015-10-09 01:24:02] EDIT sistemasmedico/views/pacientes/ficha_clinica_mulher.html: 0
[2015-10-09 01:24:52] EDIT sistemasmedico/views/pacientes/ficha_clinica_mulher.html: 1
[2015-10-09 01:25:07] EDIT sistemasmedico/views/pacientes/ficha_clinica_mulher.html: -1
[2015-10-09 01:25:08] EDIT sistemasmedico/views/pacientes/ficha_clinica_mulher.html: 0
[2015-10-09 01:26:32] EDIT sistemasmedico/views/pacientes/ficha_clinica_mulher.html: 0
[2015-10-09 01:27:10] EDIT sistemasmedico/views/pacientes/ficha_clinica_mulher.html: 0
[2015-10-09 01:27:57] EDIT sistemasmedico/views/pacientes/ficha_clinica_mulher.html: 1
[2015-10-09 01:29:45] EDIT sistemasmedico/views/pacientes/ficha_clinica_mulher.html: 2
[2015-10-09 01:32:37] EDIT sistemasmedico/views/pacientes/ficha_clinica_mulher.html: -6
[2015-10-09 01:37:58] EDIT sistemasmedico/views/pacientes/ficha_clinica_mulher.html: 57
[2015-10-09 01:39:51] EDIT sistemasmedico/views/pacientes/ficha_clinica_mulher.html: -7
[2015-10-09 01:45:26] EDIT sistemasmedico/views/pacientes/ficha_clinica_mulher.html: 80
[2015-10-09 01:45:58] EDIT sistemasmedico/views/pacientes/ficha_clinica_mulher.html: -2
[2015-10-09 01:46:35] EDIT sistemasmedico/views/pacientes/ficha_clinica_mulher.html: 2
[2015-10-09 01:47:35] EDIT sistemasmedico/views/pacientes/ficha_clinica_mulher.html: 0
[2015-10-09 01:57:58] EDIT sistemasmedico/views/pacientes/ficha_clinica_mulher.html: 69
[2015-10-09 02:11:37] EDIT sistemasmedico/views/pacientes/ficha_clinica_mulher.html: 324
[2015-10-09 02:12:23] EDIT sistemasmedico/views/pacientes/ficha_clinica_mulher.html: 0
[2015-10-09 02:15:18] EDIT sistemasmedico/views/pacientes/ficha_clinica_mulher.html: 21
[2015-10-09 02:16:58] EDIT sistemasmedico/views/pacientes/ficha_clinica_mulher.html: 2
[2015-10-09 02:18:08] EDIT sistemasmedico/views/pacientes/ficha_clinica_mulher.html: 2
[2015-10-09 02:19:04] EDIT sistemasmedico/views/pacientes/ficha_clinica_mulher.html: 0
[2015-10-09 02:20:42] EDIT sistemasmedico/views/pacientes/ficha_clinica_mulher.html: 1
[2015-10-09 02:24:21] EDIT sistemasmedico/views/pacientes/ficha_clinica_mulher.html: 0
[2015-10-09 02:24:45] EDIT sistemasmedico/views/pacientes/ficha_clinica_mulher.html: 0
[2015-10-09 02:31:51] EDIT sistemasmedico/views/pacientes/ficha_clinica_mulher.html: 0
[2015-10-09 13:39:12] EDIT sistemasmedico/views/base_form.html: 0
[2015-10-09 13:40:00] EDIT sistemasmedico/views/base_form.html: 0
[2015-10-09 15:16:12] EDIT sistemasmedico/models/3formularios.py: 1
[2015-10-09 15:16:28] EDIT sistemasmedico/models/3formularios.py: -1
[2015-10-09 17:26:55] EDIT sistemasmedico/models/0db.py: 0
[2015-10-09 19:51:04] EDIT sistemasmedico/views/base_form.html: 0
[2015-10-09 19:51:31] EDIT sistemasmedico/views/base_form.html: 0
[2015-10-09 19:52:33] EDIT sistemasmedico/views/base_form.html: 0
[2015-10-09 19:55:55] EDIT sistemasmedico/views/base_form.html: 0
[2015-10-09 19:56:23] EDIT sistemasmedico/views/base_form.html: -5
[2015-10-09 19:56:53] EDIT sistemasmedico/views/base_form.html: 5
[2015-10-09 19:58:50] EDIT sistemasmedico/views/base_form.html: 0
[2015-10-09 19:59:05] EDIT sistemasmedico/views/base_form.html: 0
[2015-10-13 18:18:04] EDIT sistemasmedico/models/1menu.py: 4
[2015-10-13 18:19:08] EDIT sistemasmedico/controllers/pacientes.py: 28
[2015-10-13 18:19:36] CREATE pacientes/nova_consulta.html: 0
[2015-10-13 18:19:58] EDIT sistemasmedico/views/pacientes/nova_consulta.html: -1
[2015-10-13 18:20:42] CREATE paciente/todas_consultas.html: 0
[2015-10-13 18:20:54] EDIT sistemasmedico/views/paciente/todas_consultas.html: 2
[2015-10-13 18:21:13] DELETE sistemasmedico/views/paciente/todas_consultas.html: -5
[2015-10-13 18:21:26] CREATE pacientes/todas_consultas.html: 0
[2015-10-13 18:21:35] EDIT sistemasmedico/views/pacientes/todas_consultas.html: 2
[2015-10-13 18:27:52] EDIT sistemasmedico/models/3formularios.py: 0
[2015-10-13 18:29:05] CREATE pacientes/consultar.html: 0
[2015-10-13 18:29:18] EDIT sistemasmedico/views/pacientes/consultar.html: 0
[2015-10-13 18:31:02] EDIT sistemasmedico/models/3formularios.py: 0
[2015-10-13 18:31:10] EDIT sistemasmedico/models/3formularios.py: 0
[2015-10-13 18:32:37] EDIT sistemasmedico/models/3formularios.py: 0
[2015-10-13 18:33:23] EDIT sistemasmedico/models/3formularios.py: 0
[2015-10-13 18:34:52] EDIT sistemasmedico/models/3formularios.py: 0
[2015-10-13 20:34:15] EDIT sistemasmedico/controllers/pacientes.py: 17
[2015-10-13 20:36:17] EDIT sistemasmedico/views/pacientes/todas_consultas.html: -3
[2015-10-13 20:37:21] CREATE pacientes/ver_consulta.html: 0
[2015-10-13 20:37:44] EDIT sistemasmedico/views/pacientes/ver_consulta.html: 0
[2015-10-13 20:39:48] EDIT sistemasmedico/views/pacientes/ver_consulta.html: 3
[2015-10-13 20:42:28] EDIT sistemasmedico/controllers/pacientes.py: 0
[2015-10-13 20:42:37] EDIT sistemasmedico/controllers/pacientes.py: 0
[2015-10-13 20:43:47] EDIT sistemasmedico/models/2medico.py: 1
[2015-10-14 00:04:18] EDIT sistemasmedico/models/2medico.py: 0
[2015-10-14 13:15:33] EDIT sistemasmedico/views/pacientes/ficha_clinica_mulher.html: 1
[2015-10-14 13:16:15] EDIT sistemasmedico/views/pacientes/ficha_clinica_mulher.html: -1
[2015-10-14 13:19:58] EDIT sistemasmedico/views/pacientes/ficha_clinica_mulher.html: 1
[2015-10-14 13:20:33] EDIT sistemasmedico/views/pacientes/ficha_clinica_mulher.html: -1
[2015-10-14 13:39:33] EDIT sistemasmedico/views/pacientes/ficha_clinica_de_climaterio.html: 65
[2015-10-14 13:41:12] EDIT sistemasmedico/views/pacientes/ficha_clinica_de_climaterio.html: 0
[2015-10-14 13:41:53] EDIT sistemasmedico/views/pacientes/ficha_clinica_de_climaterio.html: 0
[2015-10-14 13:42:32] EDIT sistemasmedico/views/pacientes/ficha_clinica_de_climaterio.html: 1
[2015-10-14 13:43:22] EDIT sistemasmedico/views/pacientes/ficha_clinica_de_climaterio.html: -1
[2015-10-14 13:44:13] EDIT sistemasmedico/views/pacientes/ficha_clinica_de_climaterio.html: -6
[2015-10-14 13:45:20] EDIT sistemasmedico/views/pacientes/ficha_clinica_de_climaterio.html: 0
[2015-10-14 13:46:04] EDIT sistemasmedico/views/pacientes/ficha_clinica_de_climaterio.html: 0
[2015-10-14 13:46:41] EDIT sistemasmedico/views/pacientes/ficha_clinica_de_climaterio.html: 0
[2015-10-14 13:47:07] EDIT sistemasmedico/views/pacientes/ficha_clinica_de_climaterio.html: 0
[2015-10-14 13:47:53] EDIT sistemasmedico/views/pacientes/ficha_clinica_de_climaterio.html: 0
[2015-10-14 13:48:22] EDIT sistemasmedico/views/pacientes/ficha_clinica_de_climaterio.html: 0
[2015-10-14 13:57:13] EDIT sistemasmedico/views/pacientes/ficha_clinica_de_climaterio.html: 160
[2015-10-14 13:59:16] EDIT sistemasmedico/views/pacientes/ficha_clinica_de_climaterio.html: 0
[2015-10-14 14:00:03] EDIT sistemasmedico/views/pacientes/ficha_clinica_de_climaterio.html: 0
[2015-10-14 14:00:50] EDIT sistemasmedico/views/pacientes/ficha_clinica_de_climaterio.html: 0
[2015-10-14 14:01:18] EDIT sistemasmedico/views/pacientes/ficha_clinica_de_climaterio.html: 0
[2015-10-14 14:04:41] EDIT sistemasmedico/views/pacientes/ficha_clinica_de_climaterio.html: 2
[2015-10-14 14:08:18] EDIT sistemasmedico/views/pacientes/ficha_clinica_de_climaterio.html: 20
[2015-10-14 14:09:10] EDIT sistemasmedico/views/pacientes/ficha_clinica_de_climaterio.html: -14
[2015-10-14 14:09:55] EDIT sistemasmedico/views/pacientes/ficha_clinica_de_climaterio.html: 0
[2015-10-14 14:10:17] EDIT sistemasmedico/views/pacientes/ficha_clinica_de_climaterio.html: 0
[2015-10-14 14:11:01] EDIT sistemasmedico/views/pacientes/ficha_clinica_de_climaterio.html: 0
[2015-10-14 14:11:23] EDIT sistemasmedico/views/pacientes/ficha_clinica_de_climaterio.html: 0
[2015-10-14 14:12:17] EDIT sistemasmedico/views/pacientes/ficha_clinica_de_climaterio.html: 0
[2015-10-14 14:13:37] EDIT sistemasmedico/views/pacientes/ficha_clinica_de_climaterio.html: 0
[2015-10-14 14:14:10] EDIT sistemasmedico/views/pacientes/ficha_clinica_de_climaterio.html: 0
[2015-10-14 16:30:28] EDIT sistemasmedico/views/pacientes/ficha_clinica_de_climaterio.html: 1
[2015-10-14 16:36:09] EDIT sistemasmedico/views/pacientes/ficha_clinica_de_climaterio.html: 74
[2015-10-14 16:36:44] EDIT sistemasmedico/views/pacientes/ficha_clinica_de_climaterio.html: 0
[2015-10-14 16:39:30] DELETE sistemasmedico/views/pacientes/ficha_clinica_de_climaterio.html.1: -305
[2015-10-14 16:39:35] DELETE sistemasmedico/views/base_form.html.1: -115
[2015-10-14 16:40:29] EDIT sistemasmedico/views/pacientes/ficha_clinica_de_climaterio.html: 0
[2015-10-16 14:21:33] EDIT sistemasmedico/views/pacientes/ficha_clinica_de_climaterio.html: 240
[2015-10-16 14:21:48] EDIT sistemasmedico/views/pacientes/ficha_clinica_de_climaterio.html: 0
[2015-10-16 14:22:03] EDIT sistemasmedico/views/pacientes/ficha_clinica_de_climaterio.html: -1
[2015-10-16 17:09:23] EDIT sistemasmedico/views/pacientes/ficha_clinica_de_climaterio.html: 77
[2015-10-16 17:13:44] EDIT sistemasmedico/views/pacientes/ficha_clinica_de_climaterio.html: 17
[2015-10-16 17:14:50] EDIT sistemasmedico/views/pacientes/ficha_clinica_de_climaterio.html: 0
[2015-10-16 17:27:37] EDIT sistemasmedico/views/pacientes/ficha_clinica_de_climaterio.html: 32
[2015-10-16 17:32:26] EDIT sistemasmedico/views/pacientes/ficha_clinica_de_climaterio.html: 0
[2015-10-16 17:32:27] EDIT sistemasmedico/views/pacientes/ficha_clinica_de_climaterio.html: 0
[2015-10-16 17:54:18] EDIT sistemasmedico/views/pacientes/ficha_clinica_de_climaterio.html: 120
[2015-10-16 17:54:40] EDIT sistemasmedico/views/pacientes/ficha_clinica_de_climaterio.html: -1
[2015-10-16 18:09:44] EDIT sistemasmedico/views/pacientes/ficha_clinica_de_climaterio.html: -23
[2015-10-16 18:11:12] EDIT sistemasmedico/views/pacientes/ficha_clinica_de_climaterio.html: -2
[2015-10-16 18:12:15] EDIT sistemasmedico/views/pacientes/ficha_clinica_de_climaterio.html: 7
[2015-10-21 17:17:16] EDIT sistemasmedico/views/pacientes/ficha_clinica_de_climaterio.html: 9
[2015-10-21 17:19:10] EDIT sistemasmedico/views/pacientes/ficha_clinica_de_climaterio.html: 2
[2015-10-21 17:19:27] EDIT sistemasmedico/views/pacientes/ficha_clinica_de_climaterio.html: 0
[2015-10-21 17:20:57] EDIT sistemasmedico/views/pacientes/ficha_clinica_de_climaterio.html: -4
[2015-10-21 17:21:25] EDIT sistemasmedico/views/pacientes/ficha_clinica_de_climaterio.html: -4
[2015-10-21 17:21:57] EDIT sistemasmedico/views/pacientes/ficha_clinica_de_climaterio.html: -2
[2015-10-21 17:22:52] EDIT sistemasmedico/views/pacientes/ficha_clinica_de_climaterio.html: 0
[2015-10-21 17:31:40] EDIT sistemasmedico/views/pacientes/ficha_clinica_de_climaterio.html: 2
[2015-10-21 17:32:15] EDIT sistemasmedico/views/pacientes/ficha_clinica_de_climaterio.html: 0
[2015-10-21 17:32:48] EDIT sistemasmedico/views/pacientes/ficha_clinica_de_climaterio.html: 0
[2015-10-21 17:33:47] EDIT sistemasmedico/views/pacientes/ficha_clinica_de_climaterio.html: 4
[2015-10-21 17:36:08] EDIT sistemasmedico/views/pacientes/ficha_clinica_de_climaterio.html: -2
[2015-10-21 17:37:15] EDIT sistemasmedico/views/pacientes/ficha_clinica_de_climaterio.html: -2
[2015-10-21 17:37:38] EDIT sistemasmedico/views/pacientes/ficha_clinica_de_climaterio.html: 0
[2015-10-21 17:39:30] EDIT sistemasmedico/views/pacientes/ficha_clinica_de_climaterio.html: -10
[2015-10-21 17:47:40] EDIT sistemasmedico/views/pacientes/ficha_clinica_de_climaterio.html: 6
[2015-10-21 17:48:50] EDIT sistemasmedico/views/pacientes/ficha_clinica_de_climaterio.html: 0
[2015-10-21 17:54:55] EDIT sistemasmedico/views/pacientes/ficha_clinica_de_climaterio.html: -2
[2015-10-21 18:01:53] EDIT sistemasmedico/views/pacientes/ficha_clinica_de_climaterio.html: 1
[2015-10-21 18:21:31] EDIT sistemasmedico/views/pacientes/ficha_clinica_de_climaterio.html: 5
[2015-10-21 18:22:46] EDIT sistemasmedico/views/pacientes/ficha_clinica_de_climaterio.html: 1
[2015-10-21 18:23:25] EDIT sistemasmedico/views/pacientes/ficha_clinica_de_climaterio.html: 0
[2015-10-21 18:27:17] EDIT sistemasmedico/views/pacientes/ficha_clinica_de_climaterio.html: 0
[2015-10-21 18:28:45] EDIT sistemasmedico/views/pacientes/ficha_clinica_de_climaterio.html: 1
[2015-10-21 18:35:21] EDIT sistemasmedico/views/pacientes/ficha_clinica_de_climaterio.html: -1
[2015-10-21 18:36:39] EDIT sistemasmedico/views/pacientes/ficha_clinica_de_climaterio.html: 1
[2015-10-21 18:37:01] EDIT sistemasmedico/views/pacientes/ficha_clinica_de_climaterio.html: 0
[2015-10-21 18:37:29] EDIT sistemasmedico/views/pacientes/ficha_clinica_de_climaterio.html: -10
[2015-10-21 18:38:22] EDIT sistemasmedico/views/pacientes/ficha_clinica_de_climaterio.html: 0
[2015-10-21 18:39:14] EDIT sistemasmedico/views/pacientes/ficha_clinica_de_climaterio.html: 10
[2015-10-21 18:39:35] EDIT sistemasmedico/views/pacientes/ficha_clinica_de_climaterio.html: 0
[2015-10-21 18:39:51] EDIT sistemasmedico/views/pacientes/ficha_clinica_de_climaterio.html: 0
[2015-10-21 18:40:23] EDIT sistemasmedico/views/pacientes/ficha_clinica_de_climaterio.html: 0
[2015-10-21 18:40:39] EDIT sistemasmedico/views/pacientes/ficha_clinica_de_climaterio.html: 0
[2015-10-21 18:49:01] EDIT sistemasmedico/views/pacientes/ficha_clinica_de_climaterio.html: -38
[2015-10-21 18:57:44] EDIT sistemasmedico/views/pacientes/ficha_clinica_de_climaterio.html: -31
[2015-10-21 18:58:38] EDIT sistemasmedico/views/pacientes/ficha_clinica_de_climaterio.html: 0
[2015-10-21 19:04:40] EDIT sistemasmedico/views/pacientes/ficha_clinica_de_climaterio.html: -12
[2015-10-21 19:05:11] EDIT sistemasmedico/views/pacientes/ficha_clinica_de_climaterio.html: 0
[2015-10-22 11:39:33] EDIT sistemasmedico/static/css/bootstrap-theme.min.css: 94
[2015-10-22 11:42:28] EDIT sistemasmedico/views/pacientes/consultas.html: 68
[2015-10-22 11:47:26] EDIT sistemasmedico/views/pacientes/consultas.html: -39
[2015-10-22 11:49:43] EDIT sistemasmedico/views/pacientes/consultas.html: 0
[2015-10-22 11:50:26] DELETE sistemasmedico/views/pacientes/consultas.html.1: -37
[2015-10-22 12:01:06] EDIT sistemasmedico/views/pacientes/consultas.html: 3
[2015-10-22 12:01:55] EDIT sistemasmedico/views/pacientes/consultas.html: -1
[2015-10-22 12:06:51] EDIT sistemasmedico/views/pacientes/consultas.html: 2
[2015-10-22 12:09:02] EDIT sistemasmedico/views/pacientes/consultas.html: 0
[2015-10-22 12:09:05] EDIT sistemasmedico/views/pacientes/consultas.html: -2
[2015-10-22 12:10:01] EDIT sistemasmedico/views/pacientes/consultas.html: -1
[2015-10-22 12:11:09] EDIT sistemasmedico/views/pacientes/consultas.html: 0
[2015-10-22 12:11:43] EDIT sistemasmedico/views/pacientes/consultas.html: 1
[2015-10-22 13:49:52] CREATE teste.html: 0
[2015-10-22 13:52:25] EDIT sistemasmedico/views/teste.html: -2
[2015-10-22 14:29:34] EDIT sistemasmedico/views/pacientes/prontuario_consulta.html: 1
[2015-10-22 14:29:55] EDIT sistemasmedico/views/teste.html: 2
[2015-10-22 14:55:19] CREATE prontuario_climaterio.html: 0
[2015-10-22 14:55:35] CREATE prontuario_mulher.html: 0
[2015-10-22 14:57:27] EDIT sistemasmedico/views/pacientes/prontuario_consulta.html: -2
[2015-10-22 14:58:05] EDIT sistemasmedico/views/pacientes/prontuario_consulta.html: 0
[2015-10-22 14:59:40] EDIT sistemasmedico/views/pacientes/prontuario_consulta.html: 0
[2015-10-22 15:00:15] EDIT sistemasmedico/views/pacientes/prontuario_consulta.html: 0
[2015-10-22 15:00:59] EDIT sistemasmedico/views/pacientes/prontuario_consulta.html: 2
[2015-10-22 15:01:12] EDIT sistemasmedico/views/pacientes/prontuario_consulta.html: -2
[2015-10-22 15:01:46] EDIT sistemasmedico/views/pacientes/prontuario_consulta.html: 2
[2015-10-22 15:02:25] EDIT sistemasmedico/views/pacientes/prontuario_consulta.html: 0
[2015-10-22 15:02:43] EDIT sistemasmedico/views/prontuario_climaterio.html: -2
[2015-10-22 15:02:50] EDIT sistemasmedico/views/prontuario_mulher.html: -2
[2015-10-22 15:04:32] EDIT sistemasmedico/views/prontuario_mulher.html: 1
[2015-10-22 15:04:52] EDIT sistemasmedico/views/pacientes/prontuario_consulta.html: -2
[2015-10-22 15:29:19] EDIT sistemasmedico/views/prontuario_mulher.html: 10
[2015-10-22 15:29:39] EDIT sistemasmedico/views/prontuario_mulher.html: -1
[2015-10-22 15:31:14] EDIT sistemasmedico/views/prontuario_mulher.html: 1
[2015-10-22 15:34:58] EDIT sistemasmedico/views/prontuario_mulher.html: 0
[2015-10-22 15:52:46] EDIT sistemasmedico/views/prontuario_mulher.html: 5
[2015-10-22 15:54:08] EDIT sistemasmedico/views/prontuario_mulher.html: 0
[2015-10-22 15:57:53] EDIT sistemasmedico/views/prontuario_mulher.html: 3
[2015-10-22 16:00:05] EDIT sistemasmedico/views/prontuario_mulher.html: 0
[2015-10-22 16:02:32] EDIT sistemasmedico/views/prontuario_mulher.html: 0
[2015-10-22 16:03:39] EDIT sistemasmedico/views/prontuario_mulher.html: 0
[2015-10-22 16:06:47] EDIT sistemasmedico/views/prontuario_mulher.html: -13
[2015-10-22 16:10:15] EDIT sistemasmedico/views/prontuario_mulher.html: 11
[2015-10-22 16:10:36] EDIT sistemasmedico/views/prontuario_mulher.html: -1
[2015-10-22 16:13:45] EDIT sistemasmedico/views/prontuario_mulher.html: 3
[2015-10-22 16:15:06] EDIT sistemasmedico/views/prontuario_mulher.html: -4
[2015-10-22 16:16:00] EDIT sistemasmedico/views/prontuario_mulher.html: 0
[2015-10-22 16:16:46] EDIT sistemasmedico/views/prontuario_mulher.html: 0
[2015-10-22 16:23:29] EDIT sistemasmedico/views/prontuario_mulher.html: 20
[2015-10-22 16:23:57] EDIT sistemasmedico/views/prontuario_mulher.html: 0
[2015-10-22 16:24:46] EDIT sistemasmedico/views/prontuario_mulher.html: 0
[2015-10-22 16:28:32] EDIT sistemasmedico/views/prontuario_mulher.html: 0
[2015-10-22 16:29:06] EDIT sistemasmedico/views/prontuario_mulher.html: 0
[2015-10-22 16:29:48] EDIT sistemasmedico/views/prontuario_mulher.html: 0
[2015-10-22 16:31:27] EDIT sistemasmedico/views/prontuario_mulher.html: 0
[2015-10-22 16:31:56] EDIT sistemasmedico/views/prontuario_mulher.html: -6
[2015-10-22 16:32:56] EDIT sistemasmedico/views/prontuario_mulher.html: 6
[2015-10-22 16:33:23] EDIT sistemasmedico/views/prontuario_mulher.html: 0
[2015-10-22 16:34:21] EDIT sistemasmedico/views/prontuario_mulher.html: 0
[2015-10-22 18:08:16] EDIT sistemasmedico/views/prontuario_mulher.html: 54
[2015-10-22 18:09:03] EDIT sistemasmedico/views/prontuario_mulher.html: 1
[2015-10-22 18:17:16] EDIT sistemasmedico/views/prontuario_mulher.html: 63
[2015-10-22 18:18:18] EDIT sistemasmedico/views/prontuario_mulher.html: 0
[2015-10-22 18:19:28] EDIT sistemasmedico/views/prontuario_mulher.html: 0
[2015-10-22 18:19:58] EDIT sistemasmedico/views/prontuario_mulher.html: -98
[2015-10-22 18:20:19] EDIT sistemasmedico/views/prontuario_mulher.html: 19
[2015-10-22 18:20:40] EDIT sistemasmedico/views/prontuario_mulher.html: 19
[2015-10-22 18:20:57] EDIT sistemasmedico/views/prontuario_mulher.html: -53
[2015-10-22 18:21:07] EDIT sistemasmedico/views/prontuario_mulher.html: 0
[2015-10-22 18:21:14] EDIT sistemasmedico/views/prontuario_mulher.html: 72
[2015-10-22 18:21:36] EDIT sistemasmedico/views/prontuario_mulher.html: 19
[2015-10-22 18:21:58] EDIT sistemasmedico/views/prontuario_mulher.html: 22
[2015-10-22 18:22:53] EDIT sistemasmedico/views/prontuario_mulher.html: -1
[2015-10-22 18:23:18] EDIT sistemasmedico/views/prontuario_mulher.html: -13
[2015-10-22 18:23:59] EDIT sistemasmedico/views/prontuario_mulher.html: -128
[2015-10-22 18:24:07] EDIT sistemasmedico/views/prontuario_mulher.html: 129
[2015-10-22 18:24:31] EDIT sistemasmedico/views/prontuario_mulher.html: 2
[2015-10-22 18:24:49] EDIT sistemasmedico/views/prontuario_mulher.html: 2
[2015-10-22 18:25:27] EDIT sistemasmedico/views/prontuario_mulher.html: -1
[2015-10-22 18:26:06] EDIT sistemasmedico/views/prontuario_mulher.html: 0
[2015-10-22 18:27:05] EDIT sistemasmedico/models/3formularios.py: -53
[2015-10-22 18:27:22] EDIT sistemasmedico/views/prontuario_mulher.html: 10
[2015-10-22 18:27:46] EDIT sistemasmedico/models/3formularios.py: 53
[2015-10-22 18:28:45] EDIT sistemasmedico/views/prontuario_mulher.html: -1
[2015-10-22 18:29:22] EDIT sistemasmedico/views/prontuario_mulher.html: 0
[2015-10-22 18:30:41] EDIT sistemasmedico/views/pacientes/ficha_clinica_mulher.html: -8
[2015-10-22 18:33:24] EDIT sistemasmedico/views/pacientes/ficha_clinica_mulher.html: -639
[2015-10-22 18:33:27] EDIT sistemasmedico/views/pacientes/ficha_clinica_mulher.html: 639
[2015-10-22 18:33:32] EDIT sistemasmedico/views/prontuario_mulher.html: 0
[2015-10-22 18:33:36] EDIT sistemasmedico/views/pacientes/ficha_clinica_mulher.html: 0
[2015-10-22 18:46:05] EDIT sistemasmedico/views/prontuario_mulher.html: 2
[2015-10-22 18:55:24] EDIT sistemasmedico/views/prontuario_mulher.html: 0
[2015-10-22 18:56:36] EDIT sistemasmedico/views/prontuario_mulher.html: 0
[2015-10-22 18:56:41] EDIT sistemasmedico/views/prontuario_mulher.html: 0
[2015-10-22 19:02:20] EDIT sistemasmedico/views/prontuario_mulher.html: 2
[2015-10-22 19:03:15] EDIT sistemasmedico/views/prontuario_mulher.html: -2
[2015-10-23 15:51:31] EDIT sistemasmedico/views/prontuario_mulher.html: 0
[2015-10-23 15:52:52] EDIT sistemasmedico/views/prontuario_mulher.html: 1
[2015-10-23 15:55:29] EDIT sistemasmedico/views/prontuario_mulher.html: -1
[2015-10-23 15:57:11] EDIT sistemasmedico/views/prontuario_mulher.html: 0
[2015-10-23 15:59:05] EDIT sistemasmedico/views/prontuario_mulher.html: 0
[2015-10-23 16:00:21] EDIT sistemasmedico/views/prontuario_mulher.html: 2
[2015-10-23 16:00:56] EDIT sistemasmedico/views/prontuario_mulher.html: 1
[2015-10-23 17:11:38] EDIT sistemasmedico/views/prontuario_mulher.html: -1
[2015-10-23 18:14:22] EDIT sistemasmedico/views/prontuario_mulher.html: 12
[2015-10-23 18:28:32] EDIT sistemasmedico/views/prontuario_mulher.html: 39
[2015-10-23 18:29:42] EDIT sistemasmedico/views/prontuario_mulher.html: 2
[2015-10-23 18:32:54] EDIT sistemasmedico/views/prontuario_mulher.html: -2
[2015-10-23 18:34:39] EDIT sistemasmedico/views/prontuario_mulher.html: -2
[2015-10-23 18:40:07] EDIT sistemasmedico/views/prontuario_mulher.html: 7
[2015-10-23 18:42:12] EDIT sistemasmedico/views/prontuario_mulher.html: 0
[2015-10-23 18:43:12] EDIT sistemasmedico/views/pacientes/ficha_clinica_mulher.html: 0
[2015-10-23 18:46:34] EDIT sistemasmedico/views/prontuario_mulher.html: 24
[2015-10-23 18:50:51] EDIT sistemasmedico/views/prontuario_mulher.html: 23
[2015-10-23 18:51:37] EDIT sistemasmedico/views/pacientes/ficha_clinica_mulher.html: 782
[2015-10-23 18:51:46] EDIT sistemasmedico/views/prontuario_mulher.html: 0
[2015-10-23 18:53:24] EDIT sistemasmedico/views/prontuario_mulher.html: 23
[2015-10-23 18:54:44] EDIT sistemasmedico/views/prontuario_mulher.html: 23
[2015-10-23 18:57:23] EDIT sistemasmedico/views/prontuario_mulher.html: 0
[2015-10-23 19:02:15] EDIT sistemasmedico/views/prontuario_mulher.html: 0
[2015-10-23 19:07:19] EDIT sistemasmedico/views/prontuario_mulher.html: 0
[2015-10-23 22:26:42] EDIT sistemasmedico/views/pacientes/ficha_clinica_de_climaterio.html: 0
[2015-10-23 22:55:33] DELETE sistemasmedico/views/pacientes/ficha_clinica_de_anticoncepcao.html: -2
[2015-10-23 22:55:47] CREATE pacientes/ficha_clinica_de_anticoncepcao.html_: 0
[2015-10-23 22:56:05] DELETE sistemasmedico/views/pacientes/ficha_clinica_de_anticoncepcao.html_: 0
[2015-10-23 22:56:19] CREATE pacientes/ficha_clinica_de_anticoncepcao.html: 0
[2015-10-23 22:56:37] EDIT sistemasmedico/views/pacientes/ficha_clinica_de_anticoncepcao.html: 41
[2015-10-23 22:57:50] EDIT sistemasmedico/views/pacientes/ficha_clinica_de_anticoncepcao.html: 2
[2015-10-23 22:58:57] EDIT sistemasmedico/views/pacientes/ficha_clinica_de_anticoncepcao.html: -2
[2015-10-23 23:00:23] EDIT sistemasmedico/views/pacientes/ficha_clinica_de_anticoncepcao.html: 2
[2015-10-24 11:00:50] EDIT sistemasmedico/views/pacientes/ficha_clinica_de_anticoncepcao.html: 0
[2015-10-24 11:08:41] EDIT sistemasmedico/views/pacientes/ficha_clinica_de_anticoncepcao.html: 5
[2015-10-24 11:13:51] EDIT sistemasmedico/views/pacientes/ficha_clinica_de_anticoncepcao.html: 10
[2015-10-24 11:14:30] EDIT sistemasmedico/views/pacientes/ficha_clinica_de_anticoncepcao.html: -2
[2015-10-24 11:14:45] EDIT sistemasmedico/views/pacientes/ficha_clinica_de_anticoncepcao.html: 0
[2015-10-24 11:15:29] EDIT sistemasmedico/views/pacientes/ficha_clinica_de_anticoncepcao.html: 0
[2015-10-24 11:27:08] EDIT sistemasmedico/views/pacientes/ficha_clinica_de_anticoncepcao.html: 143
[2015-10-24 11:28:09] EDIT sistemasmedico/views/pacientes/ficha_clinica_de_anticoncepcao.html: 0
[2015-10-24 11:30:46] EDIT sistemasmedico/views/pacientes/ficha_clinica_de_anticoncepcao.html: 7
[2015-10-24 11:33:21] EDIT sistemasmedico/views/pacientes/ficha_clinica_mulher.html: -243
[2015-10-24 11:34:26] EDIT sistemasmedico/views/pacientes/ficha_clinica_de_anticoncepcao.html: 0
[2015-10-24 11:41:01] EDIT sistemasmedico/views/pacientes/ficha_clinica_de_anticoncepcao.html: 572
[2015-10-24 11:41:37] EDIT sistemasmedico/views/pacientes/ficha_clinica_mulher.html: -550
[2015-10-24 11:41:46] EDIT sistemasmedico/views/pacientes/ficha_clinica_de_anticoncepcao.html: -572
[2015-10-24 11:49:03] EDIT sistemasmedico/views/pacientes/ficha_clinica_de_anticoncepcao.html: 42
[2015-10-24 11:51:16] EDIT sistemasmedico/views/pacientes/ficha_clinica_de_anticoncepcao.html: 0
[2015-10-24 11:52:12] EDIT sistemasmedico/views/pacientes/ficha_clinica_de_anticoncepcao.html: 5
[2015-10-24 11:57:54] EDIT sistemasmedico/views/pacientes/ficha_clinica_de_anticoncepcao.html: 8
[2015-10-24 11:59:36] EDIT sistemasmedico/views/pacientes/ficha_clinica_de_anticoncepcao.html: -5
[2015-10-24 12:08:46] EDIT sistemasmedico/views/pacientes/ficha_clinica_de_anticoncepcao.html: 2
[2015-10-24 12:14:56] EDIT sistemasmedico/views/pacientes/ficha_clinica_de_anticoncepcao.html: 3
[2015-10-24 12:16:51] EDIT sistemasmedico/views/pacientes/ficha_clinica_de_anticoncepcao.html: 0
[2015-10-24 12:17:53] EDIT sistemasmedico/views/pacientes/ficha_clinica_de_anticoncepcao.html: 1
[2015-10-24 12:21:44] EDIT sistemasmedico/views/pacientes/ficha_clinica_de_anticoncepcao.html: 0
[2015-10-24 12:23:37] EDIT sistemasmedico/views/pacientes/ficha_clinica_de_anticoncepcao.html: 7
[2015-10-24 12:36:17] EDIT sistemasmedico/views/pacientes/ficha_clinica_de_anticoncepcao.html: 67
[2015-10-24 12:38:35] EDIT sistemasmedico/views/pacientes/ficha_clinica_de_anticoncepcao.html: -67
[2015-10-24 12:39:37] EDIT sistemasmedico/views/pacientes/ficha_clinica_de_anticoncepcao.html: 67
[2015-10-24 12:40:15] EDIT sistemasmedico/views/pacientes/ficha_clinica_de_anticoncepcao.html: -10
[2015-10-24 12:40:33] EDIT sistemasmedico/views/pacientes/ficha_clinica_de_anticoncepcao.html: 0
[2015-10-24 12:40:48] EDIT sistemasmedico/views/pacientes/ficha_clinica_de_anticoncepcao.html: 0
[2015-10-24 12:41:50] EDIT sistemasmedico/views/pacientes/ficha_clinica_de_anticoncepcao.html: 13
[2015-10-24 12:47:42] EDIT sistemasmedico/views/pacientes/ficha_clinica_de_anticoncepcao.html: 30
[2015-10-24 12:57:03] EDIT sistemasmedico/views/pacientes/ficha_clinica_de_anticoncepcao.html: 54
[2015-10-24 12:57:42] EDIT sistemasmedico/views/pacientes/ficha_clinica_de_anticoncepcao.html: 0
[2015-10-26 10:56:21] EDIT sistemasmedico/views/pacientes/ficha_clinica_de_anticoncepcao.html: 14
[2015-10-26 10:56:58] EDIT sistemasmedico/views/pacientes/ficha_clinica_de_anticoncepcao.html: 0
[2015-10-26 10:57:29] EDIT sistemasmedico/views/pacientes/ficha_clinica_de_anticoncepcao.html: 0
[2015-10-26 10:58:54] EDIT sistemasmedico/views/pacientes/ficha_clinica_de_anticoncepcao.html: 11
[2015-10-26 10:59:19] EDIT sistemasmedico/views/pacientes/ficha_clinica_de_anticoncepcao.html: 0
[2015-10-26 11:01:46] EDIT sistemasmedico/views/pacientes/ficha_clinica_de_anticoncepcao.html: 0
[2015-10-26 11:07:53] EDIT sistemasmedico/views/pacientes/ficha_clinica_de_anticoncepcao.html: 0
[2015-10-26 11:07:56] EDIT sistemasmedico/views/pacientes/ficha_clinica_de_anticoncepcao.html: 18
[2015-10-26 11:12:32] EDIT sistemasmedico/views/pacientes/ficha_clinica_de_anticoncepcao.html: 3
[2015-10-26 11:20:28] EDIT sistemasmedico/views/pacientes/ficha_clinica_de_anticoncepcao.html: 19
[2015-10-26 11:26:53] EDIT sistemasmedico/views/pacientes/ficha_clinica_de_anticoncepcao.html: 36
[2015-10-26 11:27:15] EDIT sistemasmedico/views/pacientes/ficha_clinica_de_anticoncepcao.html: 0
[2015-10-26 11:27:46] EDIT sistemasmedico/views/pacientes/ficha_clinica_de_anticoncepcao.html: 1
[2015-10-26 11:29:21] EDIT sistemasmedico/views/pacientes/ficha_clinica_de_anticoncepcao.html: 0
[2015-10-26 11:47:40] EDIT sistemasmedico/views/pacientes/ficha_clinica_mastologia.html: 0
[2015-10-26 11:55:28] EDIT sistemasmedico/views/pacientes/ficha_clinica_mastologia.html: 55
[2015-10-26 11:57:02] EDIT sistemasmedico/views/pacientes/ficha_clinica_mastologia.html: 0
[2015-10-26 11:59:36] EDIT sistemasmedico/views/pacientes/ficha_clinica_mastologia.html: 0
[2015-10-26 12:00:34] EDIT sistemasmedico/views/pacientes/ficha_clinica_mastologia.html: 0
[2015-10-26 12:00:55] EDIT sistemasmedico/views/pacientes/ficha_clinica_mastologia.html: 0
[2015-10-26 12:03:09] EDIT sistemasmedico/views/pacientes/ficha_clinica_mastologia.html: 0
[2015-10-26 12:04:30] EDIT sistemasmedico/views/pacientes/ficha_clinica_mastologia.html: 0
[2015-10-26 12:05:16] EDIT sistemasmedico/views/pacientes/ficha_clinica_mastologia.html: 0
[2015-10-26 12:05:32] EDIT sistemasmedico/views/pacientes/ficha_clinica_mastologia.html: 0
[2015-10-26 12:07:58] EDIT sistemasmedico/views/pacientes/ficha_clinica_mastologia.html: 0
[2015-10-26 12:12:44] EDIT sistemasmedico/views/pacientes/ficha_clinica_mastologia.html: 0
[2015-10-26 12:13:05] EDIT sistemasmedico/views/pacientes/ficha_clinica_mastologia.html: 0
[2015-10-26 13:24:19] EDIT sistemasmedico/views/pacientes/ficha_clinica_mastologia.html: 166
[2015-10-26 15:36:50] EDIT sistemasmedico/views/pacientes/ficha_clinica_mastologia.html: 349
[2015-10-26 15:38:05] EDIT sistemasmedico/views/pacientes/ficha_clinica_mastologia.html: 0
[2015-10-26 15:39:57] EDIT sistemasmedico/views/pacientes/ficha_clinica_mastologia.html: 0
[2015-10-26 15:40:58] DELETE sistemasmedico/views/pacientes/ficha_clinica_mastologia.html.1: -572
[2015-10-26 15:41:28] EDIT sistemasmedico/views/pacientes/ficha_clinica_mastologia.html: 0
[2015-10-26 15:43:30] EDIT sistemasmedico/views/pacientes/ficha_clinica_mastologia.html: 0
[2015-10-26 15:46:01] EDIT sistemasmedico/views/pacientes/ficha_clinica_mastologia.html: -19
[2015-10-26 15:47:33] EDIT sistemasmedico/views/pacientes/ficha_clinica_mastologia.html: 19
[2015-10-26 15:49:01] EDIT sistemasmedico/views/pacientes/ficha_clinica_mastologia.html: 0
[2015-10-26 15:49:46] EDIT sistemasmedico/views/pacientes/ficha_clinica_mastologia.html: 0
[2015-10-26 15:51:04] EDIT sistemasmedico/views/pacientes/ficha_clinica_mastologia.html: 0
[2015-10-26 15:53:15] EDIT sistemasmedico/views/pacientes/ficha_clinica_mastologia.html: 0
[2015-10-26 15:53:57] EDIT sistemasmedico/views/pacientes/ficha_clinica_mastologia.html: 0
[2015-10-26 15:54:52] EDIT sistemasmedico/views/pacientes/ficha_clinica_mastologia.html: 0
[2015-10-26 18:04:01] EDIT sistemasmedico/views/pacientes/ficha_clinica_parto_e_puerperio.html: 157
[2015-10-26 18:04:40] EDIT sistemasmedico/views/pacientes/ficha_clinica_parto_e_puerperio.html: 0
[2015-10-26 18:05:53] EDIT sistemasmedico/views/pacientes/ficha_clinica_parto_e_puerperio.html: 0
[2015-10-26 18:07:01] EDIT sistemasmedico/views/pacientes/ficha_clinica_parto_e_puerperio.html: -2
[2015-10-26 18:07:39] EDIT sistemasmedico/views/pacientes/ficha_clinica_parto_e_puerperio.html: 0
[2015-10-26 18:07:54] EDIT sistemasmedico/views/pacientes/ficha_clinica_parto_e_puerperio.html: 0
[2015-10-26 18:09:29] EDIT sistemasmedico/views/pacientes/ficha_clinica_parto_e_puerperio.html: 1
[2015-10-26 18:10:26] EDIT sistemasmedico/views/pacientes/ficha_clinica_parto_e_puerperio.html: 0
[2015-10-26 18:11:12] EDIT sistemasmedico/views/pacientes/ficha_clinica_parto_e_puerperio.html: 0
[2015-10-26 18:11:35] EDIT sistemasmedico/views/pacientes/ficha_clinica_parto_e_puerperio.html: 0
[2015-10-26 18:16:24] EDIT sistemasmedico/views/pacientes/ficha_clinica_parto_e_puerperio.html: 14
[2015-10-26 18:20:49] EDIT sistemasmedico/views/pacientes/ficha_clinica_parto_e_puerperio.html: 0
[2015-10-26 18:21:23] EDIT sistemasmedico/views/pacientes/ficha_clinica_parto_e_puerperio.html: -1
[2015-10-26 18:22:23] EDIT sistemasmedico/views/pacientes/ficha_clinica_parto_e_puerperio.html: 0
[2015-10-26 18:40:30] EDIT sistemasmedico/views/pacientes/ficha_clinica_parto_e_puerperio.html: 137
[2015-10-26 18:41:52] EDIT sistemasmedico/views/pacientes/ficha_clinica_parto_e_puerperio.html: 0
[2015-10-26 18:56:57] EDIT sistemasmedico/views/pacientes/ficha_clinica_parto_e_puerperio.html: 122
[2015-10-26 18:58:28] EDIT sistemasmedico/views/pacientes/ficha_clinica_parto_e_puerperio.html: 0
[2015-10-26 18:58:51] EDIT sistemasmedico/views/pacientes/ficha_clinica_parto_e_puerperio.html: 0
[2015-10-26 19:07:49] EDIT sistemasmedico/views/pacientes/ficha_clinica_parto_e_puerperio.html: 82
[2015-10-26 19:08:36] EDIT sistemasmedico/views/pacientes/ficha_clinica_parto_e_puerperio.html: 0
[2015-10-27 10:51:38] EDIT sistemasmedico/views/pacientes/ficha_clinica_parto_e_puerperio.html: 40
[2015-10-27 10:55:20] EDIT sistemasmedico/views/pacientes/ficha_clinica_parto_e_puerperio.html: 1
[2015-10-27 10:56:10] EDIT sistemasmedico/views/pacientes/ficha_clinica_parto_e_puerperio.html: -2
[2015-10-27 12:54:58] EDIT sistemasmedico/views/pacientes/ficha_clinica_de_uroginecologia.html: 262
[2015-10-27 12:57:52] EDIT sistemasmedico/views/pacientes/ficha_clinica_de_uroginecologia.html: 0
[2015-10-27 15:07:38] EDIT sistemasmedico/views/pacientes/ficha_de_anticoncepcao.html: 88
[2015-10-27 18:07:34] EDIT sistemasmedico/views/pacientes/prontuario_consulta.html: 12
[2015-10-27 18:10:00] CREATE prontuario_de_anticoncepcao.html: 0
[2015-10-27 18:10:42] CREATE prontuario_de_mastologia.html: 0
[2015-10-27 18:11:23] CREATE prontuario_de_uroginecologia.html: 0
[2015-10-27 18:11:33] CREATE prontuario_mastologia.html: 0
[2015-10-27 18:11:39] CREATE prontuario_parto_e_puerperio.html: 0
[2015-10-27 18:11:47] CREATE prontuario_anticoncepcao.html: 0
[2015-10-27 18:12:04] EDIT sistemasmedico/views/pacientes/prontuario_consulta.html: 0
[2015-10-27 18:13:05] EDIT sistemasmedico/views/prontuario_de_anticoncepcao.html: -2
[2015-10-27 18:13:38] EDIT sistemasmedico/views/prontuario_anticoncepcao.html: -2
[2015-10-27 18:13:52] EDIT sistemasmedico/views/prontuario_de_mastologia.html: -2
[2015-10-27 18:14:16] EDIT sistemasmedico/views/prontuario_de_uroginecologia.html: -2
[2015-10-27 18:14:24] EDIT sistemasmedico/views/prontuario_mastologia.html: -2
[2015-10-27 18:14:38] EDIT sistemasmedico/views/prontuario_parto_e_puerperio.html: -2
[2015-10-27 18:32:04] EDIT sistemasmedico/views/prontuario_climaterio.html: 35
[2015-10-27 18:32:46] EDIT sistemasmedico/views/prontuario_climaterio.html: 0
[2015-10-27 18:35:54] EDIT sistemasmedico/views/prontuario_climaterio.html: 1
[2015-10-27 18:36:38] EDIT sistemasmedico/views/prontuario_climaterio.html: 0
[2015-10-27 18:38:41] EDIT sistemasmedico/views/prontuario_climaterio.html: 1
[2015-10-27 18:40:35] EDIT sistemasmedico/views/prontuario_climaterio.html: 0
[2015-10-27 18:41:38] EDIT sistemasmedico/views/prontuario_climaterio.html: 0
[2015-10-27 18:42:36] EDIT sistemasmedico/views/prontuario_climaterio.html: 0
[2015-10-27 18:43:10] EDIT sistemasmedico/views/prontuario_climaterio.html: 0
[2015-10-27 18:43:36] EDIT sistemasmedico/views/prontuario_climaterio.html: 1
[2015-10-28 12:27:13] EDIT sistemasmedico/views/prontuario_climaterio.html: 47
[2015-10-28 12:28:42] EDIT sistemasmedico/views/prontuario_climaterio.html: 0
[2015-10-28 12:28:48] EDIT sistemasmedico/views/prontuario_climaterio.html: 0
[2015-10-28 12:29:46] EDIT sistemasmedico/views/prontuario_climaterio.html: -11
[2015-10-28 12:30:46] EDIT sistemasmedico/views/prontuario_climaterio.html: -1
[2015-10-28 12:31:06] EDIT sistemasmedico/views/prontuario_climaterio.html: 1
[2015-10-28 12:33:52] EDIT sistemasmedico/views/prontuario_climaterio.html: 10
[2015-10-28 12:35:39] EDIT sistemasmedico/views/prontuario_climaterio.html: 0
[2015-10-28 12:41:29] EDIT sistemasmedico/views/prontuario_climaterio.html: 2
[2015-10-28 12:42:01] EDIT sistemasmedico/views/prontuario_climaterio.html: -1
[2015-10-28 12:43:31] EDIT sistemasmedico/views/prontuario_climaterio.html: 0
[2015-10-28 12:55:47] EDIT sistemasmedico/views/prontuario_climaterio.html: 60
[2015-10-28 12:56:55] EDIT sistemasmedico/views/prontuario_climaterio.html: 5
[2015-10-28 12:57:35] EDIT sistemasmedico/views/prontuario_climaterio.html: 2
[2015-10-28 12:58:03] EDIT sistemasmedico/views/prontuario_climaterio.html: 0
[2015-10-28 12:58:57] EDIT sistemasmedico/views/prontuario_climaterio.html: 1
[2015-10-28 12:59:09] EDIT sistemasmedico/views/prontuario_climaterio.html: -1
[2015-10-28 12:59:30] EDIT sistemasmedico/views/prontuario_climaterio.html: 0
[2015-10-28 13:20:08] EDIT sistemasmedico/views/prontuario_climaterio.html: 94
[2015-10-28 13:20:46] EDIT sistemasmedico/views/prontuario_climaterio.html: 6
[2015-10-28 13:21:16] EDIT sistemasmedico/views/prontuario_climaterio.html: 0
[2015-10-28 13:24:44] EDIT sistemasmedico/views/prontuario_climaterio.html: -18
[2015-10-28 13:25:19] EDIT sistemasmedico/views/prontuario_climaterio.html: 5
[2015-10-28 13:30:04] EDIT sistemasmedico/views/prontuario_climaterio.html: 9
[2015-10-28 13:32:20] EDIT sistemasmedico/views/prontuario_climaterio.html: 0
[2015-10-28 13:37:25] EDIT sistemasmedico/views/prontuario_climaterio.html: -14
[2015-10-28 13:38:26] EDIT sistemasmedico/views/prontuario_climaterio.html: 14
[2015-10-28 13:39:15] EDIT sistemasmedico/views/prontuario_climaterio.html: -1
[2015-10-28 13:39:50] EDIT sistemasmedico/views/prontuario_climaterio.html: 0
[2015-10-28 13:40:12] EDIT sistemasmedico/views/prontuario_climaterio.html: -10
[2015-10-28 13:41:02] EDIT sistemasmedico/views/prontuario_climaterio.html: 0
[2015-10-28 13:41:07] EDIT sistemasmedico/views/prontuario_climaterio.html: 1
[2015-10-28 13:42:02] EDIT sistemasmedico/views/prontuario_climaterio.html: -5
[2015-10-28 13:42:50] EDIT sistemasmedico/views/prontuario_climaterio.html: 14
[2015-10-28 13:44:13] EDIT sistemasmedico/views/prontuario_climaterio.html: -93
[2015-10-28 13:44:53] EDIT sistemasmedico/views/prontuario_climaterio.html: 150
[2015-10-28 13:45:02] EDIT sistemasmedico/views/prontuario_climaterio.html: -57
[2015-10-28 13:45:59] EDIT sistemasmedico/views/prontuario_climaterio.html: -232
[2015-10-28 13:46:27] EDIT sistemasmedico/views/prontuario_climaterio.html: 137
[2015-10-28 13:47:10] EDIT sistemasmedico/views/prontuario_climaterio.html: 82
[2015-10-28 13:47:28] EDIT sistemasmedico/views/prontuario_climaterio.html: -10
[2015-10-28 13:47:43] EDIT sistemasmedico/views/prontuario_climaterio.html: -16
[2015-10-28 14:36:38] EDIT sistemasmedico/views/prontuario_climaterio.html: 34
[2015-10-28 14:37:15] EDIT sistemasmedico/views/prontuario_climaterio.html: 5
[2015-10-28 14:37:30] EDIT sistemasmedico/views/prontuario_climaterio.html: 0
[2015-10-28 14:42:03] EDIT sistemasmedico/views/prontuario_climaterio.html: -2
[2015-10-28 14:43:45] EDIT sistemasmedico/views/prontuario_climaterio.html: 0
[2015-10-28 15:06:31] EDIT sistemasmedico/views/prontuario_climaterio.html: 0
[2015-10-28 15:08:01] EDIT sistemasmedico/views/prontuario_climaterio.html: 0
[2015-10-28 15:08:54] EDIT sistemasmedico/views/prontuario_climaterio.html: 0
[2015-10-28 15:09:37] EDIT sistemasmedico/views/prontuario_climaterio.html: 0
[2015-10-28 15:11:29] EDIT sistemasmedico/views/prontuario_climaterio.html: 0
[2015-10-28 15:13:16] EDIT sistemasmedico/views/prontuario_climaterio.html: 0
[2015-10-28 15:19:15] EDIT sistemasmedico/views/prontuario_climaterio.html: 1
[2015-10-28 15:20:05] EDIT sistemasmedico/views/prontuario_climaterio.html: 0
[2015-10-28 15:23:12] EDIT sistemasmedico/views/pacientes/consultas.html: 0
[2015-10-28 15:24:24] EDIT sistemasmedico/views/prontuario_climaterio.html: 0
[2015-10-28 15:37:28] EDIT sistemasmedico/views/prontuario_mulher.html: -1
[2015-10-28 15:38:18] EDIT sistemasmedico/views/prontuario_mulher.html: 0
[2015-10-28 15:38:56] EDIT sistemasmedico/views/prontuario_mulher.html: 1
[2015-10-28 15:39:34] EDIT sistemasmedico/views/prontuario_mulher.html: 0
[2015-10-28 15:40:31] EDIT sistemasmedico/views/prontuario_mulher.html: 0
[2015-10-28 15:41:08] DELETE sistemasmedico/views/prontuario_mulher.html.1: -306
[2015-10-28 15:41:29] EDIT sistemasmedico/views/prontuario_mulher.html: 0
[2015-10-28 18:46:53] EDIT sistemasmedico/views/pacientes/consultas.html: 0
[2015-10-29 17:39:30] DELETE sistemasmedico/views/pacientes/form3.html: -3
[2015-10-29 17:39:44] DELETE sistemasmedico/views/pacientes/form4.html: -3
[2015-10-29 17:39:53] DELETE sistemasmedico/views/pacientes/form5.html: -3
[2015-10-29 17:41:52] EDIT sistemasmedico/views/prontuario_mastologia.html: 150
[2015-10-29 17:42:40] EDIT sistemasmedico/views/prontuario_climaterio.html: -1
[2015-10-29 17:43:58] EDIT sistemasmedico/views/pacientes/ver_consulta.html: 19
[2015-10-29 17:44:30] EDIT sistemasmedico/views/pacientes/ficha_clinica_mastologia.html: 3
[2015-10-29 17:44:32] EDIT sistemasmedico/views/pacientes/ficha_clinica_mastologia.html: -1
