timestamp: 2015-11-12T14:45:23.718032
CREATE TABLE auth_user(
    id INTEGER PRIMARY KEY AUTOINCREMENT,
    first_name CHAR(128),
    last_name CHAR(128),
    email CHAR(512),
    username CHAR(128),
    password CHAR(512),
    registration_key CHAR(512),
    reset_password_key CHAR(512),
    registration_id CHAR(512)
);
success!
timestamp: 2015-11-12T14:45:23.886625
CREATE TABLE auth_group(
    id INTEGER PRIMARY KEY AUTOINCREMENT,
    role CHAR(512),
    description TEXT
);
success!
timestamp: 2015-11-12T14:45:23.998461
CREATE TABLE auth_membership(
    id INTEGER PRIMARY KEY AUTOINCREMENT,
    user_id INTEGER REFERENCES auth_user (id) ON DELETE CASCADE  ,
    group_id INTEGER REFERENCES auth_group (id) ON DELETE CASCADE  
);
success!
timestamp: 2015-11-12T14:45:24.131480
CREATE TABLE auth_permission(
    id INTEGER PRIMARY KEY AUTOINCREMENT,
    group_id INTEGER REFERENCES auth_group (id) ON DELETE CASCADE  ,
    name CHAR(512),
    table_name CHAR(512),
    record_id INTEGER
);
success!
timestamp: 2015-11-12T14:45:24.263801
CREATE TABLE auth_event(
    id INTEGER PRIMARY KEY AUTOINCREMENT,
    time_stamp TIMESTAMP,
    client_ip CHAR(512),
    user_id INTEGER REFERENCES auth_user (id) ON DELETE CASCADE  ,
    origin CHAR(512),
    description TEXT
);
success!
timestamp: 2015-11-12T14:45:24.410008
CREATE TABLE auth_cas(
    id INTEGER PRIMARY KEY AUTOINCREMENT,
    user_id INTEGER REFERENCES auth_user (id) ON DELETE CASCADE  ,
    created_on TIMESTAMP,
    service CHAR(512),
    ticket CHAR(512),
    renew CHAR(1)
);
success!
timestamp: 2015-11-12T14:45:24.548657
CREATE TABLE pacientes(
    id INTEGER PRIMARY KEY AUTOINCREMENT,
    nome CHAR(512),
    sexo CHAR(512),
    cpf CHAR(512),
    profissao CHAR(512),
    nascimento DATE,
    telefone CHAR(512),
    escolaridade CHAR(512),
    estadocivil CHAR(512),
    cor CHAR(512),
    image CHAR(512),
    endereco CHAR(512),
    cidade CHAR(512),
    uf CHAR(512),
    cep CHAR(512),
    observacoes TEXT
);
success!
timestamp: 2015-11-12T14:45:24.686922
CREATE TABLE agendamentos(
    id INTEGER PRIMARY KEY AUTOINCREMENT,
    id_paciente INTEGER REFERENCES pacientes (id) ON DELETE CASCADE  ,
    dia DATE,
    hora_inicio TIME,
    hora_fim TIME
);
success!
timestamp: 2015-11-12T14:45:24.816237
CREATE TABLE consultas(
    id INTEGER PRIMARY KEY AUTOINCREMENT,
    id_paciente INTEGER REFERENCES pacientes (id) ON DELETE CASCADE  ,
    hora_fim CHAR(512),
    tipo_consulta CHAR(512),
    id_form CHAR(512)
);
success!
timestamp: 2015-11-12T14:45:24.952575
CREATE TABLE ficha_clinica_mulher(
    id INTEGER PRIMARY KEY AUTOINCREMENT,
    id_paciente INTEGER REFERENCES pacientes (id) ON DELETE CASCADE  ,
    queixa TEXT,
    hpma TEXT,
    cardiovascular_ISDA CHAR(512),
    gastrointestinal_ISDA CHAR(512),
    urinario_ISDA CHAR(512),
    respiratorio_ISDA CHAR(512),
    cardiovascular_AF CHAR(512),
    endocrino_metabolico_AF CHAR(512),
    cancer_AF CHAR(512),
    infeccao_AF CHAR(512),
    outros_AF CHAR(512),
    clinicos_AP CHAR(512),
    cirurgias_AP CHAR(512),
    tabagismo_AP CHAR(512),
    etilismo_AP CHAR(512),
    medicacao_AP CHAR(512),
    outros_AP CHAR(512),
    menarca_AM CHAR(512),
    ciclos_AM CHAR(512),
    dum_AM CHAR(512),
    dismenorreia_AM CHAR(512),
    tpm_AM CHAR(512),
    menopausa_AM CHAR(512),
    primeiro_coito_AS CHAR(512),
    numero_parceiros_AS CHAR(512),
    libido_AS CHAR(512),
    orgasmos_AS CHAR(512),
    anticoncepcao_AS CHAR(512),
    corrimento_AG CHAR(512),
    cirurgia_AG CHAR(512),
    cauterizacao_AG CHAR(512),
    g_AO CHAR(512),
    p_AO CHAR(512),
    a_AO CHAR(512),
    pnl_AO CHAR(512),
    pc_AO CHAR(512),
    pf_AO CHAR(512),
    primeiro_parto_AO CHAR(512),
    ultimo_parto_AO CHAR(512),
    peso_rn_maior_AO CHAR(512),
    amamentacao_AO CHAR(512),
    puerperio_AO CHAR(512),
    peso_EXAME CHAR(512),
    alt_EXAME CHAR(512),
    pa_EXAME CHAR(512),
    imc_EXAME CHAR(512),
    ap_cardiovascular_EXAME CHAR(512),
    ap_respiratorio_EXAME CHAR(512),
    mmii_EXAME CHAR(512),
    outros_EXAME CHAR(512),
    abdome_EXAME CHAR(512),
    insp_estatica_MAMAS CHAR(512),
    insp_dinamica_MAMAS CHAR(512),
    palpacao_MAMAS CHAR(512),
    expressao_MAMAS CHAR(512),
    axilas_MAMAS CHAR(512),
    pilificacao_OGE CHAR(512),
    labios_OGE CHAR(512),
    clitoris_OGE CHAR(512),
    ureta_OGE CHAR(512),
    gl_bartholin_OGE CHAR(512),
    himen_OGE CHAR(512),
    procidencia_pva_OGE CHAR(512),
    procidencia_pvp_OGE CHAR(512),
    perineo CHAR(512),
    perda_urina CHAR(512),
    vagina_OGI_TOQUE CHAR(512),
    colo_OGI_TOQUE CHAR(512),
    utero_OGI_TOQUE CHAR(512),
    an_d_OGI_TOQUE CHAR(512),
    na_e_OGI_TOQUE CHAR(512),
    parametrios_OGI_TOQUE CHAR(512),
    reto_OGI_TOQUE CHAR(512),
    vagina_ESPECULAR CHAR(512),
    colo_ESPECULAR CHAR(512),
    cont_vaginal_ESPECULAR CHAR(512),
    tracao_colo_OUTROS_EXAMES CHAR(512),
    histerometria_OUTROS_EXAMES CHAR(512),
    diagnostico_clinico_OUTROS_EXAMES CHAR(512),
    exames_solicitados_OUTROS_EXAMES CHAR(512),
    conduta_OUTROS_EXAMES CHAR(512)
);
success!
timestamp: 2015-11-12T14:45:25.064513
CREATE TABLE ficha_clinica_de_climaterio(
    id INTEGER PRIMARY KEY AUTOINCREMENT,
    id_paciente INTEGER REFERENCES pacientes (id) ON DELETE CASCADE  ,
    motivo_consulta TEXT,
    hipertensao CHAR(512),
    hipertensao_texto CHAR(512),
    tireoidopatia CHAR(512),
    tireoidopatia_texto CHAR(512),
    tromboflebite CHAR(512),
    tromboflebite_texto CHAR(512),
    gastriste_colocistopatia CHAR(512),
    gastriste_colocistopatia_texto CHAR(512),
    doenca_cardio_cerebrovascular CHAR(512),
    doenca_cardio_cerebrovascular_texto CHAR(512),
    nefropatia CHAR(512),
    nefropatia_texto CHAR(512),
    cirugia CHAR(512),
    cirugia_texto CHAR(512),
    tabagismo CHAR(512),
    tabagismo_texto CHAR(512),
    medicacao_em_uso CHAR(512),
    medicacao_em_uso_texto CHAR(512),
    atividade_fisica CHAR(512),
    atividade_fisica_texto CHAR(512),
    hepatopatia CHAR(512),
    hepatopatia_texto CHAR(512),
    cancer CHAR(512),
    cancer_texto CHAR(512),
    etilismo CHAR(512),
    etilismo_texto CHAR(512),
    neuro_psquiatrico CHAR(512),
    neuro_psquiatrico_texto CHAR(512),
    cancer_de_mama CHAR(512),
    cancer_de_ovario CHAR(512),
    cancer_de_utero CHAR(512),
    cancer_de_colon CHAR(512),
    osteoporose CHAR(512),
    cardio_cerebrovascular CHAR(512),
    outros_AF CHAR(512),
    menarca CHAR(512),
    menarca_texto CHAR(512),
    ciclos_regulares CHAR(512),
    ciclos_regulares_texto CHAR(512),
    atividade_sexual CHAR(512),
    atividade_sexual_texto CHAR(512),
    dum CHAR(512),
    g_AT CHAR(512),
    p_AT CHAR(512),
    pnl_AT CHAR(512),
    pc_AT CHAR(512),
    pf_AT CHAR(512),
    idade_menopausa CHAR(512),
    tempo_menopausa CHAR(512),
    tipo_menopausa CHAR(512),
    histerectomia CHAR(512),
    ooforectoma_bilateral CHAR(512),
    pipula CHAR(512),
    pipula_texto CHAR(512),
    reposicao_hormonal CHAR(512),
    reposicao_hormonal_texto CHAR(512),
    peso CHAR(512),
    altura CHAR(512),
    imc CHAR(512),
    pa CHAR(512),
    MAMAS_inspecao CHAR(512),
    MAMAS_palpacao CHAR(512),
    MAMAS_axila CHAR(512),
    abdome CHAR(512),
    oge CHAR(512),
    ogi_vagina CHAR(512),
    colo CHAR(512),
    corpo_do_utero CHAR(512),
    anexos CHAR(512),
    toque_retal CHAR(512),
    teste_progesterona CHAR(512),
    teste_progesterona_data CHAR(512),
    colpocitologia_oncologica CHAR(512),
    im CHAR(512),
    im_data CHAR(512),
    mamografia CHAR(512),
    mamografia_data CHAR(512),
    glicemia CHAR(512),
    colesterou_total CHAR(512),
    hdl CHAR(512),
    ldl CHAR(512),
    triglicerides CHAR(512),
    ultra_sonografia_transvaginal CHAR(512),
    ultra_sonografia_transvaginal_data CHAR(512),
    densitometria_ossea CHAR(512),
    densitometria_ossea_data CHAR(512),
    dosagens_hormonais CHAR(512),
    dosagens_hormonais_data CHAR(512),
    consulta_outro_especialista CHAR(512),
    consulta_outro_especialista_texto CHAR(512),
    diagnostico_clinico TEXT,
    orientacao_terapeutica TEXT,
    pa_EVOLUCAO CHAR(512),
    peso_EVOLUCAO CHAR(512),
    altura_EVOLUCAO CHAR(512),
    imc_EVOLUCAO CHAR(512),
    texto_EVOLUCAO TEXT
);
success!
timestamp: 2015-11-12T14:45:25.194212
CREATE TABLE ficha_clinica_de_anticoncepcao(
    id INTEGER PRIMARY KEY AUTOINCREMENT,
    id_paciente INTEGER REFERENCES pacientes (id) ON DELETE CASCADE  ,
    queixa TEXT,
    hpma TEXT,
    hipertensao_arterial_AF CHAR(512),
    diabetes_AF CHAR(512),
    cardiopatia_AF CHAR(512),
    cancer_AF CHAR(512),
    tipo_cancer_AF CHAR(512),
    neurologico_AP CHAR(512),
    cardiovasculares_AP CHAR(512),
    hipertensao_AP CHAR(512),
    flebites_AP CHAR(512),
    trombose_venosa_AP CHAR(512),
    diabetes_AP CHAR(512),
    tireoide_AP CHAR(512),
    outras_AP CHAR(512),
    hepatite_AP CHAR(512),
    colecistopatias_AP CHAR(512),
    gonococcia_AP CHAR(512),
    sifilis_AP CHAR(512),
    hpv_AP CHAR(512),
    hiv_AP CHAR(512),
    outras_dst_AP CHAR(512),
    doencas_renais_AP CHAR(512),
    doencas_hematologicas_AP CHAR(512),
    anemia_AP CHAR(512),
    a_falciforme_AP CHAR(512),
    outras_doencas_AP CHAR(512),
    cancer_AP CHAR(512),
    cirurgias_anteriores_AP CHAR(512),
    alergias_AP CHAR(512),
    transfusao_AP CHAR(512),
    tranquilizantes_AP CHAR(512),
    antidepressivos_AP CHAR(512),
    antibioticos_AP CHAR(512),
    outros_medicacao_atual_AP CHAR(512),
    menarca_AM CHAR(512),
    dum_AM CHAR(512),
    dismenorreia_AM CHAR(512),
    tpm_AM CHAR(512),
    ciclo_menstrual_AM CHAR(512),
    gesta_AO CHAR(512),
    para_AO CHAR(512),
    espontaneos_AO CHAR(512),
    provocados_AO CHAR(512),
    ultimo_aborto_AO CHAR(512),
    intercorrencias_AO CHAR(512),
    normais_AO CHAR(512),
    cesareas_AO CHAR(512),
    forcepes_AO CHAR(512),
    primeiro_parto_AO CHAR(512),
    ultimo_parto_AO CHAR(512),
    aleitamento_AO CHAR(512),
    idade_primeira_relacao_HS CHAR(512),
    durante_ano_HS CHAR(512),
    ultimos_meses_HS CHAR(512),
    frequencia_relacoes_sexuais_HS CHAR(512),
    orgamos_HS CHAR(512),
    dispareunia_HS CHAR(512),
    coito_anal_HS CHAR(512),
    tabagismo_HS CHAR(512),
    etilismo_HS CHAR(512),
    drogas_HS CHAR(512),
    drogas_qual_HS CHAR(512),
    drogas_injetaveis_HS CHAR(512),
    ritmo_espontaneo_CAP CHAR(512),
    ritmo_estimulado_CAP CHAR(512),
    ritmo_uso_em_qualquer_momento_CAP CHAR(512),
    diafragma_espontaneo_CAP CHAR(512),
    diafragma_estimulado_CAP CHAR(512),
    diafragma_uso_em_qualquer_momento_CAP CHAR(512),
    geleia_espontaneo_CAP CHAR(512),
    geleia_estimulado_CAP CHAR(512),
    geleia_uso_em_qualquer_momento_CAP CHAR(512),
    preservativo_masculino_espontaneo_CAP CHAR(512),
    preservativo_masculino_estimulado_CAP CHAR(512),
    preservativo_masculino_uso_em_qualquer_momento_CAP CHAR(512),
    camisinha_feminina_espontaneo_CAP CHAR(512),
    camisinha_feminina_estimulado_CAP CHAR(512),
    camisinha_feminina_uso_em_qualquer_momento_CAP CHAR(512),
    diu_espontaneo_CAP CHAR(512),
    diu_estimulado_CAP CHAR(512),
    diu_uso_em_qualquer_momento_CAP CHAR(512),
    pilula_espontaneo_CAP CHAR(512),
    pilula_estimulado_CAP CHAR(512),
    pilula_uso_em_qualquer_momento_CAP CHAR(512),
    injetavel_espontaneo_CAP CHAR(512),
    injetavel_estimulado_CAP CHAR(512),
    injetavel_uso_em_qualquer_momento_CAP CHAR(512),
    ligadura_tubaria_espontaneo_CAP CHAR(512),
    ligadura_tubaria_estimulado_CAP CHAR(512),
    ligadura_tubaria_uso_em_qualquer_momento_CAP CHAR(512),
    vasectomia_espontaneo_CAP CHAR(512),
    vasectomia_estimulado_CAP CHAR(512),
    vasectomia_uso_em_qualquer_momento_CAP CHAR(512),
    qual_CAP CHAR(512),
    quanto_tempo_CAP CHAR(512),
    metodo_escolha_pacientes CHAR(512),
    indicacao_medica CHAR(512),
    metodo_anticoncepcional CHAR(512),
    observacoes TEXT
);
success!
timestamp: 2015-11-12T14:45:25.321258
CREATE TABLE ficha_clinica_mastologia(
    id INTEGER PRIMARY KEY AUTOINCREMENT,
    id_paciente INTEGER REFERENCES pacientes (id) ON DELETE CASCADE  ,
    d_QD CHAR(512),
    e_QD CHAR(512),
    tempo_meses_QD CHAR(512),
    nodulo_QD CHAR(512),
    dor_QD CHAR(512),
    fluxo_QD CHAR(512),
    inflamacao_QD CHAR(512),
    treuma_QD CHAR(512),
    assintomatica_QD CHAR(512),
    outros_QD CHAR(512),
    observacoes_QD CHAR(512),
    menarca_AT CHAR(512),
    idade_primeiro_AT CHAR(512),
    menopausa_AT CHAR(512),
    aleitamente_numero_total_AT CHAR(512),
    hormonios_AT CHAR(512),
    dum_AT CHAR(512),
    aco_AT CHAR(512),
    aco_text_AT CHAR(512),
    g_AT CHAR(512),
    p_AT CHAR(512),
    a_AT CHAR(512),
    trh_AT CHAR(512),
    trh_text_AT CHAR(512),
    alcoolismo_APF CHAR(512),
    alcoolismo_text_APF CHAR(512),
    tabagismo_APF CHAR(512),
    tabagismo_text_APF CHAR(512),
    biopsia_previa_APF CHAR(512),
    ap_APF CHAR(512),
    cancer_mama_APF CHAR(512),
    tratamento CHAR(512),
    mae_CM CHAR(512),
    materno_CM CHAR(512),
    unilateral_CM CHAR(512),
    avo_CM CHAR(512),
    paterno_CM CHAR(512),
    bilateral_CM CHAR(512),
    tia_CM CHAR(512),
    irma_CM CHAR(512),
    prima_CM CHAR(512),
    idade_CM CHAR(512),
    observacoes_CM CHAR(512),
    endometrio_OC CHAR(512),
    colon_OC CHAR(512),
    ovario_OC CHAR(512),
    tireoide_OC CHAR(512),
    prostata_OC CHAR(512),
    outros_OC CHAR(512),
    outros_text_OC CHAR(512),
    exame_fisico_E CHAR(512),
    inspecao_E CHAR(512),
    abaulamento_E CHAR(512),
    retracao_E CHAR(512),
    uiceracao_E CHAR(512),
    eritema_E CHAR(512),
    edema_E CHAR(512),
    edema_braco_E CHAR(512),
    palpacao_E CHAR(512),
    consistencia_E CHAR(512),
    mobilidade_E CHAR(512),
    superficie_E CHAR(512),
    fluxo_Ex CHAR(512),
    cor_Ex CHAR(512),
    multiductal_Ex CHAR(512),
    uniductal_Ex CHAR(512),
    linfonodos_axila_Ex CHAR(512),
    supre_clavicular_Ex CHAR(512),
    d_Ex CHAR(512),
    unico_Ex CHAR(512),
    moveis_Ex CHAR(512),
    isolado_Ex CHAR(512),
    e_Ex CHAR(512),
    multiplo_Ex CHAR(512),
    fixos_Ex CHAR(512),
    conglomerado_Ex CHAR(512),
    lesao_SC CHAR(512),
    suspeita_clinica_SC CHAR(512),
    mamografia_SC CHAR(512),
    usg_SC CHAR(512),
    citologia_SC CHAR(512),
    paaf_SC CHAR(512),
    bag_SC CHAR(512),
    biopsia_SC CHAR(512),
    ap_SC CHAR(512),
    estadiamento_clinico CHAR(512),
    tnm CHAR(512),
    conduta CHAR(512),
    rx_torax CHAR(512),
    rx_torax_text CHAR(512),
    mapeamento_osseo CHAR(512),
    mapeamento_osseo_text CHAR(512),
    usg_abdominal CHAR(512),
    usg_abdominal_text CHAR(512),
    usg_pelvica CHAR(512),
    usg_pelvica_text CHAR(512)
);
success!
timestamp: 2015-11-12T14:45:25.467461
CREATE TABLE ficha_clinica_parto_e_puerperio(
    id INTEGER PRIMARY KEY AUTOINCREMENT,
    id_paciente INTEGER REFERENCES pacientes (id) ON DELETE CASCADE  ,
    data_P CHAR(512),
    local_P CHAR(512),
    nivel_atencao_P CHAR(512),
    idade_gestacional_P CHAR(512),
    inicio_P CHAR(512),
    tipo_parto_P CHAR(512),
    episiotomia_P CHAR(512),
    laceracao_P CHAR(512),
    delivramento_espontaneo_P CHAR(512),
    curagem_P CHAR(512),
    mae_rh_P CHAR(512),
    imunoglobulina_P CHAR(512),
    responsavel_parto_P CHAR(512),
    responsavel_outro_P CHAR(512),
    morte_fetal_P CHAR(512),
    morte_feta_gestacao_P CHAR(512),
    morte_feta_parto_P CHAR(512),
    morte_feta_ignorado_P CHAR(512),
    morte_feta_causa_P CHAR(512),
    medicaocoes_parto_P TEXT,
    intercorrencias_parto_P TEXT,
    sexo_RN CHAR(512),
    apgar_RN CHAR(512),
    reanimacao_P CHAR(512),
    vdrl_P CHAR(512),
    tipagem_sanguinea_P CHAR(512),
    peso_P CHAR(512),
    idade_exame_fisico_P CHAR(512),
    peso_idade_gestacional_P CHAR(512),
    exame_fisico_P CHAR(512),
    exame_neurologico_P CHAR(512),
    estatura_P CHAR(512),
    perimetro_cefalico_P CHAR(512),
    achados_anormais_P TEXT,
    alojamento_conjunto_P CHAR(512),
    patologias_intercorrentes_memb_hialina_P CHAR(512),
    patologias_intercorrentes_hemorragia_P CHAR(512),
    patologias_intercorrentes_anomalia_congenita_P CHAR(512),
    patologias_intercorrentes_aspiracao_meconial_P CHAR(512),
    patologias_intercorrentes_hiperbilirrubinemia_P CHAR(512),
    patologias_intercorrentes_apneia_P CHAR(512),
    patologias_intercorrentes_outras_sindromes_P CHAR(512),
    patologias_intercorrentes_convuncao_P CHAR(512),
    patologias_intercorrentes_outras_P TEXT,
    alta_rn_P CHAR(512),
    idadei_alta_P CHAR(512),
    transferencias_P CHAR(512),
    transferencias_dias_P CHAR(512),
    idade_obito_dias_P CHAR(512),
    idade_obito_horas_P CHAR(512),
    causa_obito_P TEXT,
    sexo_P CHAR(512),
    alimentacao_P CHAR(512),
    data_CP CHAR(512),
    queixas_CP TEXT,
    pa_CP CHAR(512),
    estado_geral_CP CHAR(512),
    mucosa_CP CHAR(512),
    mamas_CP CHAR(512),
    abdome_CP CHAR(512),
    exame_ginecologico_CP CHAR(512),
    aleitamento_materno_CP CHAR(512),
    barreira_CP CHAR(512),
    diu_CP CHAR(512),
    hormonal_oral_CP CHAR(512),
    hormonal_injetavel_CP CHAR(512),
    comportamental_CP CHAR(512),
    cirurgico_CP CHAR(512),
    nenhum_CP CHAR(512),
    orientacao_CP TEXT
);
success!
timestamp: 2015-11-12T14:45:25.650495
CREATE TABLE ficha_clinica_pre_natal(
    id INTEGER PRIMARY KEY AUTOINCREMENT,
    id_paciente INTEGER REFERENCES pacientes (id) ON DELETE CASCADE  ,
    AF_hipertencao_arterial_A CHAR(512),
    AF_diabetes_A CHAR(512),
    AF_gemelidade_A CHAR(512),
    AF_malformacao_A CHAR(512),
    AF_outros_A TEXT,
    AP_hipertencao_arterial_A CHAR(512),
    AP_diabetes_A CHAR(512),
    AP_cir_pelvica_A CHAR(512),
    AP_cardiopatia_A CHAR(512),
    AP_infc_urinaria_A CHAR(512),
    AP_malformacao_A CHAR(512),
    AP_outros_A TEXT,
    gestacao_AO CHAR(512),
    parto_AO CHAR(512),
    abortos_AO CHAR(512),
    ectopicas_AO CHAR(512),
    gemelares_AO CHAR(512),
    abortamentos_AO CHAR(512),
    espontaneos_AO CHAR(512),
    provocados_AO CHAR(512),
    com_curetagem_AO CHAR(512),
    partos_vaginais_AO CHAR(512),
    partos_cesarios_AO CHAR(512),
    nascidos_vivos_AO CHAR(512),
    nascidos_mortos_AO CHAR(512),
    filhos_vivos_atuais_AO CHAR(512),
    obitos_primeira_semana_AO CHAR(512),
    obitos_apos_primeira_semana_AO CHAR(512),
    causa_obitos_AO CHAR(512),
    peso_rn_AO CHAR(512),
    data_ultima_gestacao_AO CHAR(512),
    amamentacao_AO CHAR(512),
    amamentacao_duracao_AO CHAR(512),
    amamentacao_causa_insucesso_AO CHAR(512),
    intercorrencias_gestacoes_anteriores_AO CHAR(512),
    dum_GA CHAR(512),
    dpp_GA CHAR(512),
    duvida_GA CHAR(512),
    duvida_qual_GA CHAR(512),
    grupo_sanguineo_GA CHAR(512),
    sensibilizada_GA CHAR(512),
    vacinacao_anti_tetanica CHAR(512),
    doses_previas CHAR(512),
    ultima_dose_maior_cinco_anos_GA CHAR(512),
    data_prevista_vacinacoes_um_GA CHAR(512),
    data_prevista_vacinacoes_um_texto_GA CHAR(512),
    data_prevista_vacinacoes_dois_GA CHAR(512),
    data_prevista_vacinacoes_dois_texto_GA CHAR(512),
    data_prevista_vacinacoes_tres_GA CHAR(512),
    data_prevista_vacinacoes_tres_texto_GA CHAR(512),
    fumo_GA CHAR(512),
    famo_quantos_GA CHAR(512),
    alcool_GA CHAR(512),
    alcool_frequencia_GA CHAR(512),
    intercorrencias_primeira_consulta_GA CHAR(512),
    peso_primeira_consulta_ED CHAR(512),
    peso_previo_ED CHAR(512),
    estatura_ED CHAR(512),
    ex_clinico_normal_ED CHAR(512),
    ex_mamas_normal_ED CHAR(512),
    ex_ginecologico_normal_ED CHAR(512),
    achados_alterados_exames_ED CHAR(512),
    data_primeira_EG CHAR(512),
    ig_primeira_EG CHAR(512),
    peso_primeira_EG CHAR(512),
    pa_max_mim_primeira_EG CHAR(512),
    altura_uterina_primeira_EG CHAR(512),
    apresentacao_fetal_primeira_EG CHAR(512),
    movimentos_fetais_primeira_EG CHAR(512),
    bcf_primeira_EG CHAR(512),
    edema_mmii_primeira_EG CHAR(512),
    data_segunda_EG CHAR(512),
    ig_segunda_EG CHAR(512),
    peso_segunda_EG CHAR(512),
    pa_max_mim_segunda_EG CHAR(512),
    altura_uterina_segunda_EG CHAR(512),
    apresentacao_fetal_segunda_EG CHAR(512),
    movimentos_fetais_segunda_EG CHAR(512),
    bcf_segunda_EG CHAR(512),
    edema_mmii_segunda_EG CHAR(512),
    data_terceira_EG CHAR(512),
    ig_terceira_EG CHAR(512),
    peso_terceira_EG CHAR(512),
    pa_max_mim_terceira_EG CHAR(512),
    altura_uterina_terceira_EG CHAR(512),
    apresentacao_fetal_terceira_EG CHAR(512),
    movimentos_fetais_terceira_EG CHAR(512),
    bcf_terceira_EG CHAR(512),
    edema_mmii_terceira_EG CHAR(512),
    data_quarta_EG CHAR(512),
    ig_quarta_EG CHAR(512),
    peso_quarta_EG CHAR(512),
    pa_max_mim_quarta_EG CHAR(512),
    altura_uterina_quarta_EG CHAR(512),
    apresentacao_fetal_quarta_EG CHAR(512),
    movimentos_fetais_quarta_EG CHAR(512),
    bcf_quarta_EG CHAR(512),
    edema_mmii_quarta_EG CHAR(512),
    data_quinta_EG CHAR(512),
    ig_quinta_EG CHAR(512),
    peso_quinta_EG CHAR(512),
    pa_max_mim_quinta_EG CHAR(512),
    altura_uterina_quinta_EG CHAR(512),
    apresentacao_fetal_quinta_EG CHAR(512),
    movimentos_fetais_quinta_EG CHAR(512),
    bcf_quinta_EG CHAR(512),
    edema_mmii_quinta_EG CHAR(512),
    data_sexta_EG CHAR(512),
    ig_sexta_EG CHAR(512),
    peso_sexta_EG CHAR(512),
    pa_max_mim_sexta_EG CHAR(512),
    altura_uterina_sexta_EG CHAR(512),
    apresentacao_fetal_sexta_EG CHAR(512),
    movimentos_fetais_sexta_EG CHAR(512),
    bcf_sexta_EG CHAR(512),
    edema_mmii_sexta_EG CHAR(512),
    data_setima_EG CHAR(512),
    ig_setima_EG CHAR(512),
    peso_setima_EG CHAR(512),
    pa_max_mim_setima_EG CHAR(512),
    altura_uterina_setima_EG CHAR(512),
    apresentacao_fetal_setima_EG CHAR(512),
    movimentos_fetais_setima_EG CHAR(512),
    bcf_setima_EG CHAR(512),
    edema_mmii_setima_EG CHAR(512),
    data_oitava_EG CHAR(512),
    ig_oitava_EG CHAR(512),
    peso_oitava_EG CHAR(512),
    pa_max_mim_oitava_EG CHAR(512),
    altura_uterina_oitava_EG CHAR(512),
    apresentacao_fetal_oitava_EG CHAR(512),
    movimentos_fetais_oitava_EG CHAR(512),
    bcf_oitava_EG CHAR(512),
    edema_mmii_oitava_EG CHAR(512),
    data_nona_EG CHAR(512),
    ig_nona_EG CHAR(512),
    peso_nona_EG CHAR(512),
    pa_max_mim_nona_EG CHAR(512),
    altura_uterina_nona_EG CHAR(512),
    apresentacao_fetal_nona_EG CHAR(512),
    movimentos_fetais_nona_EG CHAR(512),
    bcf_nona_EG CHAR(512),
    edema_mmii_nona_EG CHAR(512),
    data_decima_EG CHAR(512),
    ig_decima_EG CHAR(512),
    peso_decima_EG CHAR(512),
    pa_max_mim_decima_EG CHAR(512),
    altura_uterina_decima_EG CHAR(512),
    apresentacao_fetal_decima_EG CHAR(512),
    movimentos_fetais_decima_EG CHAR(512),
    bcf_decima_EG CHAR(512),
    edema_mmii_decima_EG CHAR(512),
    tipo_sanguineo_EL CHAR(512),
    hbht_EL CHAR(512),
    glicenia_jejum_EL CHAR(512),
    totg_EL CHAR(512),
    vdrl_EL CHAR(512),
    hbsag_EL CHAR(512),
    hiv_EL CHAR(512),
    toxoplasmose_EL CHAR(512),
    rubeola_EL CHAR(512),
    urinal_EL CHAR(512),
    urocultura_EL CHAR(512),
    papanicolaou_EL CHAR(512),
    outros_EL CHAR(512),
    data_US CHAR(512),
    ig_dum_US CHAR(512),
    ig_usg_US CHAR(512),
    peso_fetal_US CHAR(512),
    placenta_US CHAR(512),
    liquido_US CHAR(512),
    outros_US CHAR(512),
    observacoes_US TEXT,
    intercorrencias_conduta_US CHAR(512)
);
success!
timestamp: 2015-11-12T14:45:25.835757
CREATE TABLE ficha_clinica_de_uroginecologia(
    id INTEGER PRIMARY KEY AUTOINCREMENT,
    id_paciente INTEGER REFERENCES pacientes (id) ON DELETE CASCADE  ,
    queixa_duracao_QD TEXT,
    perda_esforcos_QD CHAR(512),
    perda_urina_constante_QD CHAR(512),
    incontinencia_urgencia_QD CHAR(512),
    esvaziamento_incompleto_QD CHAR(512),
    n_miccao_noite_QD CHAR(512),
    n_miccao_dia_QD CHAR(512),
    dusria_QD CHAR(512),
    urgencia_miccional_QD CHAR(512),
    enurese_noturna_QD CHAR(512),
    hematuria_QD CHAR(512),
    polaciuria_QD CHAR(512),
    antecedentes_cirurgicos_urinarios_QD TEXT,
    vulva_EFE CHAR(512),
    procidencia_pva_EFE CHAR(512),
    procidencia_pvp_EFE CHAR(512),
    perda_urina_EFE CHAR(512),
    rotura_perineal_EFE CHAR(512),
    prolapso_uterino_EFE CHAR(512),
    sensibilidade_perineal_EFE CHAR(512),
    reflexo_anal_EFE CHAR(512),
    reflexo_bulbocavernoso_EFE CHAR(512),
    teste_cotonete_EFE CHAR(512),
    urinal_um_ES CHAR(512),
    urocultura_ES CHAR(512),
    repouso_ES CHAR(512),
    esforco_ES CHAR(512),
    mobilidade_ES CHAR(512),
    fluxo_medio_ES CHAR(512),
    fluxo_maximo_ES CHAR(512),
    vol_urinario_ES CHAR(512),
    residuo_ES CHAR(512),
    cv_primeiro_desejo_ES CHAR(512),
    cv_maxima_ES CHAR(512),
    perda_urina_ES CHAR(512),
    contracao_nao_inibida_ES CHAR(512),
    pressao_perda_ES CHAR(512),
    pmfu_ES CHAR(512),
    cfu_ES CHAR(512),
    cisroscopia_ES TEXT,
    urografia_excretora_ES TEXT,
    outros_ES TEXT,
    evolucao TEXT,
    conduta TEXT,
    data_ES CHAR(512),
    observacoes TEXT
);
success!
timestamp: 2015-11-12T14:45:26.019575
CREATE TABLE ficha_de_anticoncepcao(
    id INTEGER PRIMARY KEY AUTOINCREMENT,
    id_paciente INTEGER REFERENCES pacientes (id) ON DELETE CASCADE  ,
    insp_estatica_MAMAS TEXT,
    insp_dinamica_MAMAS TEXT,
    palpacao_MAMAS TEXT,
    expressao_MAMAS TEXT,
    axilas_MAMAS TEXT,
    vagina_TOQUE TEXT,
    colo_TOQUE TEXT,
    utero_TOQUE TEXT,
    an_d_TOQUE TEXT,
    an_e_TOQUE TEXT,
    reto_TOQUE TEXT,
    parametrios_TOQUE TEXT,
    pilificacao_OGE TEXT,
    labios_OGE TEXT,
    clitoris_OGE TEXT,
    ureta_OGE TEXT,
    gi_bartholin_OGE TEXT,
    himem_OGE TEXT,
    pva_OGE TEXT,
    pvp_OGE TEXT,
    perineo_OGE TEXT,
    perda_urina_OGE TEXT,
    vagina_ESPECULAR TEXT,
    colo_ESPECULAR TEXT,
    cont_vaginal_ESPECULAR TEXT
);
success!
timestamp: 2015-11-12T15:08:49.324403
CREATE TABLE retorno(
    id INTEGER PRIMARY KEY AUTOINCREMENT,
    id_paciente INTEGER REFERENCES pacientes (id) ON DELETE CASCADE  ,
    texto TEXT,
    data DATE
);
success!
